#
# There is insufficient memory for the Java Runtime Environment to continue.
# Native memory allocation (malloc) failed to allocate 1570416 bytes for Chunk::new
# Possible reasons:
#   The system is out of physical RAM or swap space
#   The process is running with CompressedOops enabled, and the Java Heap may be blocking the growth of the native heap
# Possible solutions:
#   Reduce memory load on the system
#   Increase physical memory or swap space
#   Check if swap backing store is full
#   Decrease Java heap size (-Xmx/-Xms)
#   Decrease number of Java threads
#   Decrease Java thread stack sizes (-Xss)
#   Set larger code cache with -XX:ReservedCodeCacheSize=
#   JVM is running with Unscaled Compressed Oops mode in which the Java heap is
#     placed in the first 4GB address space. The Java Heap base address is the
#     maximum limit for the native heap growth. Please use -XX:HeapBaseMinAddress
#     to set the Java Heap base and to place the Java Heap above 4GB virtual address.
# This output file may be truncated or incomplete.
#
#  Out of Memory Error (arena.cpp:189), pid=1312, tid=10924
#
# JRE version: Java(TM) SE Runtime Environment (17.0.9+11) (build 17.0.9+11-LTS-201)
# Java VM: Java HotSpot(TM) 64-Bit Server VM (17.0.9+11-LTS-201, mixed mode, sharing, tiered, compressed oops, compressed class ptrs, g1 gc, windows-amd64)
# No core dump will be written. Minidumps are not enabled by default on client versions of Windows
#

---------------  S U M M A R Y ------------

Command Line: --add-opens=java.base/java.util=ALL-UNNAMED --add-opens=java.base/java.lang=ALL-UNNAMED --add-opens=java.base/java.lang.invoke=ALL-UNNAMED --add-opens=java.prefs/java.util.prefs=ALL-UNNAMED --add-opens=java.base/java.nio.charset=ALL-UNNAMED --add-opens=java.base/java.net=ALL-UNNAMED --add-opens=java.base/java.util.concurrent.atomic=ALL-UNNAMED -XX:MaxMetaspaceSize=384m -XX:+HeapDumpOnOutOfMemoryError -Xms256m -Xmx512m -Dfile.encoding=windows-1252 -Duser.country=MX -Duser.language=es -Duser.variant -javaagent:C:\Users\user\.gradle\wrapper\dists\gradle-8.8-bin\dl7vupf4psengwqhwktix4v1\gradle-8.8\lib\agents\gradle-instrumentation-agent-8.8.jar org.gradle.launcher.daemon.bootstrap.GradleDaemon 8.8

Host: Intel(R) Core(TM) i5-10600K CPU @ 4.10GHz, 12 cores, 3G,  Windows 10 , 64 bit Build 19041 (10.0.19041.3636)
Time: Tue Jun 18 22:44:18 2024 Hora est. Sudamérica Pacífico elapsed time: 7.750511 seconds (0d 0h 0m 7s)

---------------  T H R E A D  ---------------

Current thread (0x00000207ba1e9380):  JavaThread "C2 CompilerThread0" daemon [_thread_in_native, id=10924, stack(0x0000006c09700000,0x0000006c09800000)]


Current CompileTask:
C2:   7751 5860       4       groovy.lang.MetaClassImpl$1MOPIter::methodNameAction (325 bytes)

Stack: [0x0000006c09700000,0x0000006c09800000]
Native frames: (J=compiled Java code, j=interpreted, Vv=VM code, C=native code)
V  [jvm.dll+0x678a4a]
V  [jvm.dll+0x7d9cfd]
V  [jvm.dll+0x7db60e]
V  [jvm.dll+0x7dbc73]
V  [jvm.dll+0x245e1f]
V  [jvm.dll+0xaaafb]
V  [jvm.dll+0xab09c]
V  [jvm.dll+0x36232f]
V  [jvm.dll+0x32ca01]
V  [jvm.dll+0x32be9a]
V  [jvm.dll+0x21812f]
V  [jvm.dll+0x217561]
V  [jvm.dll+0x1a3bc0]
V  [jvm.dll+0x2272de]
V  [jvm.dll+0x22548b]
V  [jvm.dll+0x78f58c]
V  [jvm.dll+0x78998a]
V  [jvm.dll+0x677875]
C  [ucrtbase.dll+0x21bb2]
C  [KERNEL32.DLL+0x17344]
C  [ntdll.dll+0x4cc91]


---------------  P R O C E S S  ---------------

Threads class SMR info:
_java_thread_list=0x00000207d4183ea0, length=77, elements={
0x000002079f48bed0, 0x00000207ba1c54b0, 0x00000207ba1c69e0, 0x00000207ba1df680,
0x00000207ba1e08f0, 0x00000207ba1e32d0, 0x00000207ba1e4340, 0x00000207ba1e9380,
0x00000207ba209d50, 0x00000207ba20f220, 0x00000207ba3f4000, 0x00000207ba529250,
0x00000207d4dc7230, 0x00000207d4b92030, 0x00000207d4ee6030, 0x00000207d4fb4540,
0x00000207d4d472f0, 0x00000207d4d47800, 0x00000207d4d48730, 0x00000207d4d459a0,
0x00000207d4d44f80, 0x00000207d4d463c0, 0x00000207d4d45490, 0x00000207d4d47d10,
0x00000207d4d46de0, 0x00000207d4d48220, 0x00000207d4d45eb0, 0x00000207d63fbaf0,
0x00000207d64001d0, 0x00000207d63fd440, 0x00000207d63f8d60, 0x00000207d63f9780,
0x00000207d63f9c90, 0x00000207d63fca20, 0x00000207d63ff2a0, 0x00000207d63fb5e0,
0x00000207d63fde60, 0x00000207d63fcf30, 0x00000207d63ff7b0, 0x00000207d63fa1a0,
0x00000207d63fe370, 0x00000207d63fe880, 0x00000207d63fc510, 0x00000207d63f9270,
0x00000207d63fa6b0, 0x00000207d63fc000, 0x00000207d63fabc0, 0x00000207d63fb0d0,
0x00000207d63fed90, 0x00000207d63ffcc0, 0x00000207d64006e0, 0x00000207d41facd0,
0x00000207d41fb1e0, 0x00000207d41fb6f0, 0x00000207d41fe990, 0x00000207d41fbc00,
0x00000207d41ff8c0, 0x00000207d41fc110, 0x00000207d42007f0, 0x00000207d41f9da0,
0x00000207d41fa2b0, 0x00000207d41ffdd0, 0x00000207d41ff3b0, 0x00000207d41fc620,
0x00000207d41fcb30, 0x00000207d4201210, 0x00000207d41fa7c0, 0x00000207d41fd040,
0x00000207d41fd550, 0x00000207d4201720, 0x00000207d42002e0, 0x00000207d41fda60,
0x00000207d4200d00, 0x00000207d41fdf70, 0x00000207d41fe480, 0x00000207d41feea0,
0x00000207d609f610
}

Java Threads: ( => current thread )
  0x000002079f48bed0 JavaThread "main" [_thread_blocked, id=18308, stack(0x0000006c08a00000,0x0000006c08b00000)]
  0x00000207ba1c54b0 JavaThread "Reference Handler" daemon [_thread_blocked, id=13648, stack(0x0000006c09100000,0x0000006c09200000)]
  0x00000207ba1c69e0 JavaThread "Finalizer" daemon [_thread_blocked, id=19544, stack(0x0000006c09200000,0x0000006c09300000)]
  0x00000207ba1df680 JavaThread "Signal Dispatcher" daemon [_thread_blocked, id=17344, stack(0x0000006c09300000,0x0000006c09400000)]
  0x00000207ba1e08f0 JavaThread "Attach Listener" daemon [_thread_blocked, id=5880, stack(0x0000006c09400000,0x0000006c09500000)]
  0x00000207ba1e32d0 JavaThread "Service Thread" daemon [_thread_blocked, id=3296, stack(0x0000006c09500000,0x0000006c09600000)]
  0x00000207ba1e4340 JavaThread "Monitor Deflation Thread" daemon [_thread_blocked, id=6024, stack(0x0000006c09600000,0x0000006c09700000)]
=>0x00000207ba1e9380 JavaThread "C2 CompilerThread0" daemon [_thread_in_native, id=10924, stack(0x0000006c09700000,0x0000006c09800000)]
  0x00000207ba209d50 JavaThread "C1 CompilerThread0" daemon [_thread_in_vm, id=21292, stack(0x0000006c09800000,0x0000006c09900000)]
  0x00000207ba20f220 JavaThread "Sweeper thread" daemon [_thread_blocked, id=10460, stack(0x0000006c09900000,0x0000006c09a00000)]
  0x00000207ba3f4000 JavaThread "Common-Cleaner" daemon [_thread_blocked, id=17460, stack(0x0000006c09a00000,0x0000006c09b00000)]
  0x00000207ba529250 JavaThread "Notification Thread" daemon [_thread_blocked, id=17108, stack(0x0000006c09b00000,0x0000006c09c00000)]
  0x00000207d4dc7230 JavaThread "Daemon health stats" [_thread_blocked, id=7576, stack(0x0000006c0a200000,0x0000006c0a300000)]
  0x00000207d4b92030 JavaThread "Incoming local TCP Connector on port 63820" [_thread_in_native, id=2856, stack(0x0000006c0a300000,0x0000006c0a400000)]
  0x00000207d4ee6030 JavaThread "Daemon periodic checks" [_thread_blocked, id=19176, stack(0x0000006c0a400000,0x0000006c0a500000)]
  0x00000207d4fb4540 JavaThread "Daemon" [_thread_blocked, id=8636, stack(0x0000006c0a500000,0x0000006c0a600000)]
  0x00000207d4d472f0 JavaThread "Handler for socket connection from /127.0.0.1:63820 to /127.0.0.1:63821" [_thread_in_native, id=12484, stack(0x0000006c0a600000,0x0000006c0a700000)]
  0x00000207d4d47800 JavaThread "Cancel handler" [_thread_blocked, id=10536, stack(0x0000006c0a700000,0x0000006c0a800000)]
  0x00000207d4d48730 JavaThread "Daemon worker" [_thread_in_vm, id=6520, stack(0x0000006c0a800000,0x0000006c0a900000)]
  0x00000207d4d459a0 JavaThread "Asynchronous log dispatcher for DefaultDaemonConnection: socket connection from /127.0.0.1:63820 to /127.0.0.1:63821" [_thread_blocked, id=19664, stack(0x0000006c0a900000,0x0000006c0aa00000)]
  0x00000207d4d44f80 JavaThread "Stdin handler" [_thread_blocked, id=3740, stack(0x0000006c0aa00000,0x0000006c0ab00000)]
  0x00000207d4d463c0 JavaThread "Daemon client event forwarder" [_thread_blocked, id=6792, stack(0x0000006c0ab00000,0x0000006c0ac00000)]
  0x00000207d4d45490 JavaThread "Cache worker for journal cache (C:\Users\user\.gradle\caches\journal-1)" [_thread_blocked, id=12592, stack(0x0000006c0ac00000,0x0000006c0ad00000)]
  0x00000207d4d47d10 JavaThread "File lock request listener" [_thread_in_native, id=16144, stack(0x0000006c0ad00000,0x0000006c0ae00000)]
  0x00000207d4d46de0 JavaThread "Cache worker for file hash cache (C:\Users\user\.gradle\caches\8.8\fileHashes)" [_thread_blocked, id=13820, stack(0x0000006c0ae00000,0x0000006c0af00000)]
  0x00000207d4d48220 JavaThread "Cache worker for file hash cache (C:\Users\user\OneDrive\Documentos\Nivel IV\Paradigmas\Laboratorio3\lab3_21454263_garcia\.gradle\8.8\fileHashes)" [_thread_blocked, id=20616, stack(0x0000006c0af00000,0x0000006c0b000000)]
  0x00000207d4d45eb0 JavaThread "File watcher server" daemon [_thread_in_native, id=2948, stack(0x0000006c0b000000,0x0000006c0b100000)]
  0x00000207d63fbaf0 JavaThread "File watcher consumer" daemon [_thread_blocked, id=8888, stack(0x0000006c0b100000,0x0000006c0b200000)]
  0x00000207d64001d0 JavaThread "Cache worker for checksums cache (C:\Users\user\OneDrive\Documentos\Nivel IV\Paradigmas\Laboratorio3\lab3_21454263_garcia\.gradle\8.8\checksums)" [_thread_blocked, id=8392, stack(0x0000006c0b800000,0x0000006c0b900000)]
  0x00000207d63fd440 JavaThread "Cache worker for file content cache (C:\Users\user\.gradle\caches\8.8\fileContent)" [_thread_blocked, id=19172, stack(0x0000006c0b900000,0x0000006c0ba00000)]
  0x00000207d63f8d60 JavaThread "Cache worker for cache directory md-rule (C:\Users\user\.gradle\caches\8.8\md-rule)" [_thread_blocked, id=13260, stack(0x0000006c0ba00000,0x0000006c0bb00000)]
  0x00000207d63f9780 JavaThread "Cache worker for cache directory md-supplier (C:\Users\user\.gradle\caches\8.8\md-supplier)" [_thread_blocked, id=19876, stack(0x0000006c0bb00000,0x0000006c0bc00000)]
  0x00000207d63f9c90 JavaThread "jar transforms" [_thread_blocked, id=2392, stack(0x0000006c0bc00000,0x0000006c0bd00000)]
  0x00000207d63fca20 JavaThread "jar transforms Thread 2" [_thread_blocked, id=19492, stack(0x0000006c0bd00000,0x0000006c0be00000)]
  0x00000207d63ff2a0 JavaThread "jar transforms Thread 3" [_thread_blocked, id=12900, stack(0x0000006c0be00000,0x0000006c0bf00000)]
  0x00000207d63fb5e0 JavaThread "jar transforms Thread 4" [_thread_blocked, id=13296, stack(0x0000006c0bf00000,0x0000006c0c000000)]
  0x00000207d63fde60 JavaThread "jar transforms Thread 5" [_thread_blocked, id=1348, stack(0x0000006c0c000000,0x0000006c0c100000)]
  0x00000207d63fcf30 JavaThread "jar transforms Thread 6" [_thread_blocked, id=8560, stack(0x0000006c0c100000,0x0000006c0c200000)]
  0x00000207d63ff7b0 JavaThread "jar transforms Thread 7" [_thread_blocked, id=12308, stack(0x0000006c0c200000,0x0000006c0c300000)]
  0x00000207d63fa1a0 JavaThread "jar transforms Thread 8" [_thread_blocked, id=20500, stack(0x0000006c0c300000,0x0000006c0c400000)]
  0x00000207d63fe370 JavaThread "Cache worker for Build Output Cleanup Cache (C:\Users\user\OneDrive\Documentos\Nivel IV\Paradigmas\Laboratorio3\lab3_21454263_garcia\.gradle\buildOutputCleanup)" [_thread_blocked, id=16232, stack(0x0000006c0c400000,0x0000006c0c500000)]
  0x00000207d63fe880 JavaThread "jar transforms Thread 9" [_thread_blocked, id=13084, stack(0x0000006c0c500000,0x0000006c0c600000)]
  0x00000207d63fc510 JavaThread "Unconstrained build operations" [_thread_blocked, id=6556, stack(0x0000006c0c600000,0x0000006c0c700000)]
  0x00000207d63f9270 JavaThread "Unconstrained build operations Thread 2" [_thread_blocked, id=4732, stack(0x0000006c0c700000,0x0000006c0c800000)]
  0x00000207d63fa6b0 JavaThread "Unconstrained build operations Thread 3" [_thread_blocked, id=10608, stack(0x0000006c0c800000,0x0000006c0c900000)]
  0x00000207d63fc000 JavaThread "Unconstrained build operations Thread 4" [_thread_blocked, id=16160, stack(0x0000006c0c900000,0x0000006c0ca00000)]
  0x00000207d63fabc0 JavaThread "Unconstrained build operations Thread 5" [_thread_blocked, id=6312, stack(0x0000006c0ca00000,0x0000006c0cb00000)]
  0x00000207d63fb0d0 JavaThread "Unconstrained build operations Thread 6" [_thread_blocked, id=15780, stack(0x0000006c0cb00000,0x0000006c0cc00000)]
  0x00000207d63fed90 JavaThread "Unconstrained build operations Thread 7" [_thread_blocked, id=19444, stack(0x0000006c0cc00000,0x0000006c0cd00000)]
  0x00000207d63ffcc0 JavaThread "Unconstrained build operations Thread 8" [_thread_blocked, id=15516, stack(0x0000006c0cd00000,0x0000006c0ce00000)]
  0x00000207d64006e0 JavaThread "Unconstrained build operations Thread 9" [_thread_blocked, id=12608, stack(0x0000006c0ce00000,0x0000006c0cf00000)]
  0x00000207d41facd0 JavaThread "Unconstrained build operations Thread 10" [_thread_blocked, id=10792, stack(0x0000006c0cf00000,0x0000006c0d000000)]
  0x00000207d41fb1e0 JavaThread "Unconstrained build operations Thread 11" [_thread_blocked, id=5184, stack(0x0000006c0d000000,0x0000006c0d100000)]
  0x00000207d41fb6f0 JavaThread "Unconstrained build operations Thread 12" [_thread_blocked, id=13764, stack(0x0000006c0d100000,0x0000006c0d200000)]
  0x00000207d41fe990 JavaThread "Unconstrained build operations Thread 13" [_thread_blocked, id=16068, stack(0x0000006c0d200000,0x0000006c0d300000)]
  0x00000207d41fbc00 JavaThread "Unconstrained build operations Thread 14" [_thread_blocked, id=5792, stack(0x0000006c0d300000,0x0000006c0d400000)]
  0x00000207d41ff8c0 JavaThread "Unconstrained build operations Thread 15" [_thread_blocked, id=2212, stack(0x0000006c0d400000,0x0000006c0d500000)]
  0x00000207d41fc110 JavaThread "Unconstrained build operations Thread 16" [_thread_blocked, id=16348, stack(0x0000006c0d500000,0x0000006c0d600000)]
  0x00000207d42007f0 JavaThread "Unconstrained build operations Thread 17" [_thread_blocked, id=7336, stack(0x0000006c0d600000,0x0000006c0d700000)]
  0x00000207d41f9da0 JavaThread "Unconstrained build operations Thread 18" [_thread_blocked, id=19424, stack(0x0000006c0d700000,0x0000006c0d800000)]
  0x00000207d41fa2b0 JavaThread "Unconstrained build operations Thread 19" [_thread_blocked, id=11400, stack(0x0000006c0d800000,0x0000006c0d900000)]
  0x00000207d41ffdd0 JavaThread "Unconstrained build operations Thread 20" [_thread_blocked, id=14948, stack(0x0000006c0d900000,0x0000006c0da00000)]
  0x00000207d41ff3b0 JavaThread "Unconstrained build operations Thread 21" [_thread_blocked, id=20800, stack(0x0000006c0da00000,0x0000006c0db00000)]
  0x00000207d41fc620 JavaThread "Unconstrained build operations Thread 22" [_thread_blocked, id=2632, stack(0x0000006c0db00000,0x0000006c0dc00000)]
  0x00000207d41fcb30 JavaThread "Unconstrained build operations Thread 23" [_thread_blocked, id=18160, stack(0x0000006c0dc00000,0x0000006c0dd00000)]
  0x00000207d4201210 JavaThread "Unconstrained build operations Thread 24" [_thread_blocked, id=14820, stack(0x0000006c0dd00000,0x0000006c0de00000)]
  0x00000207d41fa7c0 JavaThread "Unconstrained build operations Thread 25" [_thread_blocked, id=18288, stack(0x0000006c0de00000,0x0000006c0df00000)]
  0x00000207d41fd040 JavaThread "Unconstrained build operations Thread 26" [_thread_blocked, id=14112, stack(0x0000006c0df00000,0x0000006c0e000000)]
  0x00000207d41fd550 JavaThread "Unconstrained build operations Thread 27" [_thread_blocked, id=18800, stack(0x0000006c0e000000,0x0000006c0e100000)]
  0x00000207d4201720 JavaThread "Unconstrained build operations Thread 28" [_thread_blocked, id=912, stack(0x0000006c0e100000,0x0000006c0e200000)]
  0x00000207d42002e0 JavaThread "Unconstrained build operations Thread 29" [_thread_blocked, id=17720, stack(0x0000006c0e200000,0x0000006c0e300000)]
  0x00000207d41fda60 JavaThread "Unconstrained build operations Thread 30" [_thread_blocked, id=13788, stack(0x0000006c0e300000,0x0000006c0e400000)]
  0x00000207d4200d00 JavaThread "Unconstrained build operations Thread 31" [_thread_blocked, id=2368, stack(0x0000006c0e400000,0x0000006c0e500000)]
  0x00000207d41fdf70 JavaThread "Unconstrained build operations Thread 32" [_thread_blocked, id=14788, stack(0x0000006c0e500000,0x0000006c0e600000)]
  0x00000207d41fe480 JavaThread "Unconstrained build operations Thread 33" [_thread_blocked, id=14284, stack(0x0000006c0e600000,0x0000006c0e700000)]
  0x00000207d41feea0 JavaThread "Memory manager" [_thread_blocked, id=15500, stack(0x0000006c0e700000,0x0000006c0e800000)]
  0x00000207d609f610 JavaThread "jar transforms Thread 10" [_thread_blocked, id=14196, stack(0x0000006c0e800000,0x0000006c0e900000)]

Other Threads:
  0x00000207ba1c0940 VMThread "VM Thread" [stack: 0x0000006c09000000,0x0000006c09100000] [id=15544]
  0x00000207ba530d10 WatcherThread [stack: 0x0000006c09c00000,0x0000006c09d00000] [id=19052]
  0x000002079f4ba1b0 GCTaskThread "GC Thread#0" [stack: 0x0000006c08b00000,0x0000006c08c00000] [id=18620]
  0x00000207badcd470 GCTaskThread "GC Thread#1" [stack: 0x0000006c09d00000,0x0000006c09e00000] [id=10528]
  0x00000207baee06c0 GCTaskThread "GC Thread#2" [stack: 0x0000006c09e00000,0x0000006c09f00000] [id=6016]
  0x00000207baee0980 GCTaskThread "GC Thread#3" [stack: 0x0000006c09f00000,0x0000006c0a000000] [id=19264]
  0x00000207ba5cb020 GCTaskThread "GC Thread#4" [stack: 0x0000006c0a000000,0x0000006c0a100000] [id=20216]
  0x00000207ba5cb2e0 GCTaskThread "GC Thread#5" [stack: 0x0000006c0a100000,0x0000006c0a200000] [id=19600]
  0x00000207d5aa3000 GCTaskThread "GC Thread#6" [stack: 0x0000006c0b200000,0x0000006c0b300000] [id=3628]
  0x00000207d5c0a7d0 GCTaskThread "GC Thread#7" [stack: 0x0000006c0b300000,0x0000006c0b400000] [id=13284]
  0x00000207d6bbdc90 GCTaskThread "GC Thread#8" [stack: 0x0000006c0b400000,0x0000006c0b500000] [id=21476]
  0x00000207d6d1ec40 GCTaskThread "GC Thread#9" [stack: 0x0000006c0b500000,0x0000006c0b600000] [id=17080]
  0x000002079d2ee9b0 ConcurrentGCThread "G1 Main Marker" [stack: 0x0000006c08c00000,0x0000006c08d00000] [id=260]
  0x000002079f4bc1a0 ConcurrentGCThread "G1 Conc#0" [stack: 0x0000006c08d00000,0x0000006c08e00000] [id=14356]
  0x00000207d55f9c80 ConcurrentGCThread "G1 Conc#1" [stack: 0x0000006c0b600000,0x0000006c0b700000] [id=9376]
  0x00000207d582b120 ConcurrentGCThread "G1 Conc#2" [stack: 0x0000006c0b700000,0x0000006c0b800000] [id=17480]
  0x000002079f55e7e0 ConcurrentGCThread "G1 Refine#0" [stack: 0x0000006c08e00000,0x0000006c08f00000] [id=18124]
  0x00000207ba082630 ConcurrentGCThread "G1 Service" [stack: 0x0000006c08f00000,0x0000006c09000000] [id=17304]

Threads with active compile tasks:
C2 CompilerThread0     7819 5860       4       groovy.lang.MetaClassImpl$1MOPIter::methodNameAction (325 bytes)
C1 CompilerThread0     7819 5893       3       java.lang.reflect.Method::getTypeParameters (20 bytes)

VM state: not at safepoint (normal execution)

VM Mutex/Monitor currently owned by a thread: None

Heap address: 0x00000000e0000000, size: 512 MB, Compressed Oops mode: 32-bit

CDS archive(s) mapped at: [0x00000207bb000000-0x00000207bbbd0000-0x00000207bbbd0000), size 12386304, SharedBaseAddress: 0x00000207bb000000, ArchiveRelocationMode: 1.
Compressed class space mapped at: 0x00000207bc000000-0x00000207d0000000, reserved size: 335544320
Narrow klass base: 0x00000207bb000000, Narrow klass shift: 0, Narrow klass range: 0x100000000

GC Precious Log:
 CPUs: 12 total, 12 available
 Memory: 3943M
 Large Page Support: Disabled
 NUMA Support: Disabled
 Compressed Oops: Enabled (32-bit)
 Heap Region Size: 1M
 Heap Min Capacity: 256M
 Heap Initial Capacity: 256M
 Heap Max Capacity: 512M
 Pre-touch: Disabled
 Parallel Workers: 10
 Concurrent Workers: 3
 Concurrent Refinement Workers: 10
 Periodic GC: Disabled

Heap:
 garbage-first heap   total 262144K, used 42613K [0x00000000e0000000, 0x0000000100000000)
  region size 1024K, 20 young (20480K), 17 survivors (17408K)
 Metaspace       used 48665K, committed 49216K, reserved 393216K
  class space    used 6974K, committed 7232K, reserved 327680K

Heap Regions: E=young(eden), S=young(survivor), O=old, HS=humongous(starts), HC=humongous(continues), CS=collection set, F=free, OA=open archive, CA=closed archive, TAMS=top-at-mark-start (previous, next)
|   0|0x00000000e0000000, 0x00000000e0100000, 0x00000000e0100000|100%|HS|  |TAMS 0x00000000e0100000, 0x00000000e0000000| Complete 
|   1|0x00000000e0100000, 0x00000000e0200000, 0x00000000e0200000|100%|HC|  |TAMS 0x00000000e0200000, 0x00000000e0100000| Complete 
|   2|0x00000000e0200000, 0x00000000e0300000, 0x00000000e0300000|100%|HC|  |TAMS 0x00000000e0300000, 0x00000000e0200000| Complete 
|   3|0x00000000e0300000, 0x00000000e0400000, 0x00000000e0400000|100%|HC|  |TAMS 0x00000000e0400000, 0x00000000e0300000| Complete 
|   4|0x00000000e0400000, 0x00000000e0500000, 0x00000000e0500000|100%| O|  |TAMS 0x00000000e0500000, 0x00000000e0400000| Untracked 
|   5|0x00000000e0500000, 0x00000000e0600000, 0x00000000e0600000|100%| O|  |TAMS 0x00000000e0600000, 0x00000000e0500000| Untracked 
|   6|0x00000000e0600000, 0x00000000e0700000, 0x00000000e0700000|100%| O|  |TAMS 0x00000000e0700000, 0x00000000e0600000| Untracked 
|   7|0x00000000e0700000, 0x00000000e0800000, 0x00000000e0800000|100%| O|  |TAMS 0x00000000e0800000, 0x00000000e0700000| Untracked 
|   8|0x00000000e0800000, 0x00000000e0900000, 0x00000000e0900000|100%| O|  |TAMS 0x00000000e0900000, 0x00000000e0800000| Untracked 
|   9|0x00000000e0900000, 0x00000000e0a00000, 0x00000000e0a00000|100%| O|  |TAMS 0x00000000e0a00000, 0x00000000e0900000| Untracked 
|  10|0x00000000e0a00000, 0x00000000e0b00000, 0x00000000e0b00000|100%| O|  |TAMS 0x00000000e0a5e000, 0x00000000e0a00000| Untracked 
|  11|0x00000000e0b00000, 0x00000000e0c00000, 0x00000000e0c00000|100%|HS|  |TAMS 0x00000000e0c00000, 0x00000000e0b00000| Complete 
|  12|0x00000000e0c00000, 0x00000000e0c00000, 0x00000000e0d00000|  0%| F|  |TAMS 0x00000000e0c00000, 0x00000000e0c00000| Untracked 
|  13|0x00000000e0d00000, 0x00000000e0d00000, 0x00000000e0e00000|  0%| F|  |TAMS 0x00000000e0d00000, 0x00000000e0d00000| Untracked 
|  14|0x00000000e0e00000, 0x00000000e0e00000, 0x00000000e0f00000|  0%| F|  |TAMS 0x00000000e0e00000, 0x00000000e0e00000| Untracked 
|  15|0x00000000e0f00000, 0x00000000e0f00000, 0x00000000e1000000|  0%| F|  |TAMS 0x00000000e0f00000, 0x00000000e0f00000| Untracked 
|  16|0x00000000e1000000, 0x00000000e1000000, 0x00000000e1100000|  0%| F|  |TAMS 0x00000000e1000000, 0x00000000e1000000| Untracked 
|  17|0x00000000e1100000, 0x00000000e1200000, 0x00000000e1200000|100%| O|  |TAMS 0x00000000e1100000, 0x00000000e1100000| Untracked 
|  18|0x00000000e1200000, 0x00000000e1300000, 0x00000000e1300000|100%| O|  |TAMS 0x00000000e1200000, 0x00000000e1200000| Untracked 
|  19|0x00000000e1300000, 0x00000000e1400000, 0x00000000e1400000|100%| O|  |TAMS 0x00000000e1300000, 0x00000000e1300000| Untracked 
|  20|0x00000000e1400000, 0x00000000e1500000, 0x00000000e1500000|100%| O|  |TAMS 0x00000000e1400000, 0x00000000e1400000| Untracked 
|  21|0x00000000e1500000, 0x00000000e1600000, 0x00000000e1600000|100%| O|  |TAMS 0x00000000e1500000, 0x00000000e1500000| Untracked 
|  22|0x00000000e1600000, 0x00000000e1700000, 0x00000000e1700000|100%| O|  |TAMS 0x00000000e1600000, 0x00000000e1600000| Untracked 
|  23|0x00000000e1700000, 0x00000000e1800000, 0x00000000e1800000|100%| O|  |TAMS 0x00000000e1700000, 0x00000000e1700000| Untracked 
|  24|0x00000000e1800000, 0x00000000e1900000, 0x00000000e1900000|100%| O|  |TAMS 0x00000000e1800000, 0x00000000e1800000| Untracked 
|  25|0x00000000e1900000, 0x00000000e1a00000, 0x00000000e1a00000|100%| O|  |TAMS 0x00000000e1900000, 0x00000000e1900000| Untracked 
|  26|0x00000000e1a00000, 0x00000000e1b00000, 0x00000000e1b00000|100%| O|  |TAMS 0x00000000e1a00000, 0x00000000e1a00000| Untracked 
|  27|0x00000000e1b00000, 0x00000000e1ba7400, 0x00000000e1c00000| 65%| O|  |TAMS 0x00000000e1b00000, 0x00000000e1b00000| Untracked 
|  28|0x00000000e1c00000, 0x00000000e1c00000, 0x00000000e1d00000|  0%| F|  |TAMS 0x00000000e1c00000, 0x00000000e1c00000| Untracked 
|  29|0x00000000e1d00000, 0x00000000e1d00000, 0x00000000e1e00000|  0%| F|  |TAMS 0x00000000e1d00000, 0x00000000e1d00000| Untracked 
|  30|0x00000000e1e00000, 0x00000000e1e00000, 0x00000000e1f00000|  0%| F|  |TAMS 0x00000000e1e00000, 0x00000000e1e00000| Untracked 
|  31|0x00000000e1f00000, 0x00000000e1f00000, 0x00000000e2000000|  0%| F|  |TAMS 0x00000000e1f00000, 0x00000000e1f00000| Untracked 
|  32|0x00000000e2000000, 0x00000000e2000000, 0x00000000e2100000|  0%| F|  |TAMS 0x00000000e2000000, 0x00000000e2000000| Untracked 
|  33|0x00000000e2100000, 0x00000000e2100000, 0x00000000e2200000|  0%| F|  |TAMS 0x00000000e2100000, 0x00000000e2100000| Untracked 
|  34|0x00000000e2200000, 0x00000000e2200000, 0x00000000e2300000|  0%| F|  |TAMS 0x00000000e2200000, 0x00000000e2200000| Untracked 
|  35|0x00000000e2300000, 0x00000000e2300000, 0x00000000e2400000|  0%| F|  |TAMS 0x00000000e2300000, 0x00000000e2300000| Untracked 
|  36|0x00000000e2400000, 0x00000000e2400000, 0x00000000e2500000|  0%| F|  |TAMS 0x00000000e2400000, 0x00000000e2400000| Untracked 
|  37|0x00000000e2500000, 0x00000000e2500000, 0x00000000e2600000|  0%| F|  |TAMS 0x00000000e2500000, 0x00000000e2500000| Untracked 
|  38|0x00000000e2600000, 0x00000000e2600000, 0x00000000e2700000|  0%| F|  |TAMS 0x00000000e2600000, 0x00000000e2600000| Untracked 
|  39|0x00000000e2700000, 0x00000000e2700000, 0x00000000e2800000|  0%| F|  |TAMS 0x00000000e2700000, 0x00000000e2700000| Untracked 
|  40|0x00000000e2800000, 0x00000000e2800000, 0x00000000e2900000|  0%| F|  |TAMS 0x00000000e2800000, 0x00000000e2800000| Untracked 
|  41|0x00000000e2900000, 0x00000000e2900000, 0x00000000e2a00000|  0%| F|  |TAMS 0x00000000e2900000, 0x00000000e2900000| Untracked 
|  42|0x00000000e2a00000, 0x00000000e2a00000, 0x00000000e2b00000|  0%| F|  |TAMS 0x00000000e2a00000, 0x00000000e2a00000| Untracked 
|  43|0x00000000e2b00000, 0x00000000e2b00000, 0x00000000e2c00000|  0%| F|  |TAMS 0x00000000e2b00000, 0x00000000e2b00000| Untracked 
|  44|0x00000000e2c00000, 0x00000000e2c00000, 0x00000000e2d00000|  0%| F|  |TAMS 0x00000000e2c00000, 0x00000000e2c00000| Untracked 
|  45|0x00000000e2d00000, 0x00000000e2d00000, 0x00000000e2e00000|  0%| F|  |TAMS 0x00000000e2d00000, 0x00000000e2d00000| Untracked 
|  46|0x00000000e2e00000, 0x00000000e2e00000, 0x00000000e2f00000|  0%| F|  |TAMS 0x00000000e2e00000, 0x00000000e2e00000| Untracked 
|  47|0x00000000e2f00000, 0x00000000e2f00000, 0x00000000e3000000|  0%| F|  |TAMS 0x00000000e2f00000, 0x00000000e2f00000| Untracked 
|  48|0x00000000e3000000, 0x00000000e3000000, 0x00000000e3100000|  0%| F|  |TAMS 0x00000000e3000000, 0x00000000e3000000| Untracked 
|  49|0x00000000e3100000, 0x00000000e3100000, 0x00000000e3200000|  0%| F|  |TAMS 0x00000000e3100000, 0x00000000e3100000| Untracked 
|  50|0x00000000e3200000, 0x00000000e3200000, 0x00000000e3300000|  0%| F|  |TAMS 0x00000000e3200000, 0x00000000e3200000| Untracked 
|  51|0x00000000e3300000, 0x00000000e3300000, 0x00000000e3400000|  0%| F|  |TAMS 0x00000000e3300000, 0x00000000e3300000| Untracked 
|  52|0x00000000e3400000, 0x00000000e3400000, 0x00000000e3500000|  0%| F|  |TAMS 0x00000000e3400000, 0x00000000e3400000| Untracked 
|  53|0x00000000e3500000, 0x00000000e3500000, 0x00000000e3600000|  0%| F|  |TAMS 0x00000000e3500000, 0x00000000e3500000| Untracked 
|  54|0x00000000e3600000, 0x00000000e3600000, 0x00000000e3700000|  0%| F|  |TAMS 0x00000000e3600000, 0x00000000e3600000| Untracked 
|  55|0x00000000e3700000, 0x00000000e3700000, 0x00000000e3800000|  0%| F|  |TAMS 0x00000000e3700000, 0x00000000e3700000| Untracked 
|  56|0x00000000e3800000, 0x00000000e3800000, 0x00000000e3900000|  0%| F|  |TAMS 0x00000000e3800000, 0x00000000e3800000| Untracked 
|  57|0x00000000e3900000, 0x00000000e3900000, 0x00000000e3a00000|  0%| F|  |TAMS 0x00000000e3900000, 0x00000000e3900000| Untracked 
|  58|0x00000000e3a00000, 0x00000000e3a00000, 0x00000000e3b00000|  0%| F|  |TAMS 0x00000000e3a00000, 0x00000000e3a00000| Untracked 
|  59|0x00000000e3b00000, 0x00000000e3b00000, 0x00000000e3c00000|  0%| F|  |TAMS 0x00000000e3b00000, 0x00000000e3b00000| Untracked 
|  60|0x00000000e3c00000, 0x00000000e3c00000, 0x00000000e3d00000|  0%| F|  |TAMS 0x00000000e3c00000, 0x00000000e3c00000| Untracked 
|  61|0x00000000e3d00000, 0x00000000e3d00000, 0x00000000e3e00000|  0%| F|  |TAMS 0x00000000e3d00000, 0x00000000e3d00000| Untracked 
|  62|0x00000000e3e00000, 0x00000000e3e00000, 0x00000000e3f00000|  0%| F|  |TAMS 0x00000000e3e00000, 0x00000000e3e00000| Untracked 
|  63|0x00000000e3f00000, 0x00000000e3f00000, 0x00000000e4000000|  0%| F|  |TAMS 0x00000000e3f00000, 0x00000000e3f00000| Untracked 
|  64|0x00000000e4000000, 0x00000000e4000000, 0x00000000e4100000|  0%| F|  |TAMS 0x00000000e4000000, 0x00000000e4000000| Untracked 
|  65|0x00000000e4100000, 0x00000000e4100000, 0x00000000e4200000|  0%| F|  |TAMS 0x00000000e4100000, 0x00000000e4100000| Untracked 
|  66|0x00000000e4200000, 0x00000000e4200000, 0x00000000e4300000|  0%| F|  |TAMS 0x00000000e4200000, 0x00000000e4200000| Untracked 
|  67|0x00000000e4300000, 0x00000000e4300000, 0x00000000e4400000|  0%| F|  |TAMS 0x00000000e4300000, 0x00000000e4300000| Untracked 
|  68|0x00000000e4400000, 0x00000000e4400000, 0x00000000e4500000|  0%| F|  |TAMS 0x00000000e4400000, 0x00000000e4400000| Untracked 
|  69|0x00000000e4500000, 0x00000000e4500000, 0x00000000e4600000|  0%| F|  |TAMS 0x00000000e4500000, 0x00000000e4500000| Untracked 
|  70|0x00000000e4600000, 0x00000000e4600000, 0x00000000e4700000|  0%| F|  |TAMS 0x00000000e4600000, 0x00000000e4600000| Untracked 
|  71|0x00000000e4700000, 0x00000000e4700000, 0x00000000e4800000|  0%| F|  |TAMS 0x00000000e4700000, 0x00000000e4700000| Untracked 
|  72|0x00000000e4800000, 0x00000000e4800000, 0x00000000e4900000|  0%| F|  |TAMS 0x00000000e4800000, 0x00000000e4800000| Untracked 
|  73|0x00000000e4900000, 0x00000000e4900000, 0x00000000e4a00000|  0%| F|  |TAMS 0x00000000e4900000, 0x00000000e4900000| Untracked 
|  74|0x00000000e4a00000, 0x00000000e4a00000, 0x00000000e4b00000|  0%| F|  |TAMS 0x00000000e4a00000, 0x00000000e4a00000| Untracked 
|  75|0x00000000e4b00000, 0x00000000e4b00000, 0x00000000e4c00000|  0%| F|  |TAMS 0x00000000e4b00000, 0x00000000e4b00000| Untracked 
|  76|0x00000000e4c00000, 0x00000000e4c00000, 0x00000000e4d00000|  0%| F|  |TAMS 0x00000000e4c00000, 0x00000000e4c00000| Untracked 
|  77|0x00000000e4d00000, 0x00000000e4d00000, 0x00000000e4e00000|  0%| F|  |TAMS 0x00000000e4d00000, 0x00000000e4d00000| Untracked 
|  78|0x00000000e4e00000, 0x00000000e4e00000, 0x00000000e4f00000|  0%| F|  |TAMS 0x00000000e4e00000, 0x00000000e4e00000| Untracked 
|  79|0x00000000e4f00000, 0x00000000e4f00000, 0x00000000e5000000|  0%| F|  |TAMS 0x00000000e4f00000, 0x00000000e4f00000| Untracked 
|  80|0x00000000e5000000, 0x00000000e5000000, 0x00000000e5100000|  0%| F|  |TAMS 0x00000000e5000000, 0x00000000e5000000| Untracked 
|  81|0x00000000e5100000, 0x00000000e5100000, 0x00000000e5200000|  0%| F|  |TAMS 0x00000000e5100000, 0x00000000e5100000| Untracked 
|  82|0x00000000e5200000, 0x00000000e5200000, 0x00000000e5300000|  0%| F|  |TAMS 0x00000000e5200000, 0x00000000e5200000| Untracked 
|  83|0x00000000e5300000, 0x00000000e5300000, 0x00000000e5400000|  0%| F|  |TAMS 0x00000000e5300000, 0x00000000e5300000| Untracked 
|  84|0x00000000e5400000, 0x00000000e5400000, 0x00000000e5500000|  0%| F|  |TAMS 0x00000000e5400000, 0x00000000e5400000| Untracked 
|  85|0x00000000e5500000, 0x00000000e5500000, 0x00000000e5600000|  0%| F|  |TAMS 0x00000000e5500000, 0x00000000e5500000| Untracked 
|  86|0x00000000e5600000, 0x00000000e56f6300, 0x00000000e5700000| 96%| S|CS|TAMS 0x00000000e5600000, 0x00000000e5600000| Complete 
|  87|0x00000000e5700000, 0x00000000e5800000, 0x00000000e5800000|100%| S|CS|TAMS 0x00000000e5700000, 0x00000000e5700000| Complete 
|  88|0x00000000e5800000, 0x00000000e5900000, 0x00000000e5900000|100%| S|CS|TAMS 0x00000000e5800000, 0x00000000e5800000| Complete 
|  89|0x00000000e5900000, 0x00000000e5a00000, 0x00000000e5a00000|100%| S|CS|TAMS 0x00000000e5900000, 0x00000000e5900000| Complete 
|  90|0x00000000e5a00000, 0x00000000e5b00000, 0x00000000e5b00000|100%| S|CS|TAMS 0x00000000e5a00000, 0x00000000e5a00000| Complete 
|  91|0x00000000e5b00000, 0x00000000e5c00000, 0x00000000e5c00000|100%| S|CS|TAMS 0x00000000e5b00000, 0x00000000e5b00000| Complete 
|  92|0x00000000e5c00000, 0x00000000e5d00000, 0x00000000e5d00000|100%| S|CS|TAMS 0x00000000e5c00000, 0x00000000e5c00000| Complete 
|  93|0x00000000e5d00000, 0x00000000e5e00000, 0x00000000e5e00000|100%| S|CS|TAMS 0x00000000e5d00000, 0x00000000e5d00000| Complete 
|  94|0x00000000e5e00000, 0x00000000e5f00000, 0x00000000e5f00000|100%| S|CS|TAMS 0x00000000e5e00000, 0x00000000e5e00000| Complete 
|  95|0x00000000e5f00000, 0x00000000e6000000, 0x00000000e6000000|100%| S|CS|TAMS 0x00000000e5f00000, 0x00000000e5f00000| Complete 
|  96|0x00000000e6000000, 0x00000000e6100000, 0x00000000e6100000|100%| S|CS|TAMS 0x00000000e6000000, 0x00000000e6000000| Complete 
|  97|0x00000000e6100000, 0x00000000e6200000, 0x00000000e6200000|100%| S|CS|TAMS 0x00000000e6100000, 0x00000000e6100000| Complete 
|  98|0x00000000e6200000, 0x00000000e6300000, 0x00000000e6300000|100%| S|CS|TAMS 0x00000000e6200000, 0x00000000e6200000| Complete 
|  99|0x00000000e6300000, 0x00000000e6400000, 0x00000000e6400000|100%| S|CS|TAMS 0x00000000e6300000, 0x00000000e6300000| Complete 
| 100|0x00000000e6400000, 0x00000000e6500000, 0x00000000e6500000|100%| S|CS|TAMS 0x00000000e6400000, 0x00000000e6400000| Complete 
| 101|0x00000000e6500000, 0x00000000e6600000, 0x00000000e6600000|100%| S|CS|TAMS 0x00000000e6500000, 0x00000000e6500000| Complete 
| 102|0x00000000e6600000, 0x00000000e6700000, 0x00000000e6700000|100%| S|CS|TAMS 0x00000000e6600000, 0x00000000e6600000| Complete 
| 103|0x00000000e6700000, 0x00000000e6700000, 0x00000000e6800000|  0%| F|  |TAMS 0x00000000e6700000, 0x00000000e6700000| Untracked 
| 104|0x00000000e6800000, 0x00000000e6800000, 0x00000000e6900000|  0%| F|  |TAMS 0x00000000e6800000, 0x00000000e6800000| Untracked 
| 105|0x00000000e6900000, 0x00000000e6900000, 0x00000000e6a00000|  0%| F|  |TAMS 0x00000000e6900000, 0x00000000e6900000| Untracked 
| 106|0x00000000e6a00000, 0x00000000e6a00000, 0x00000000e6b00000|  0%| F|  |TAMS 0x00000000e6a00000, 0x00000000e6a00000| Untracked 
| 107|0x00000000e6b00000, 0x00000000e6b00000, 0x00000000e6c00000|  0%| F|  |TAMS 0x00000000e6b00000, 0x00000000e6b00000| Untracked 
| 108|0x00000000e6c00000, 0x00000000e6c00000, 0x00000000e6d00000|  0%| F|  |TAMS 0x00000000e6c00000, 0x00000000e6c00000| Untracked 
| 109|0x00000000e6d00000, 0x00000000e6d00000, 0x00000000e6e00000|  0%| F|  |TAMS 0x00000000e6d00000, 0x00000000e6d00000| Untracked 
| 110|0x00000000e6e00000, 0x00000000e6e00000, 0x00000000e6f00000|  0%| F|  |TAMS 0x00000000e6e00000, 0x00000000e6e00000| Untracked 
| 111|0x00000000e6f00000, 0x00000000e6f00000, 0x00000000e7000000|  0%| F|  |TAMS 0x00000000e6f00000, 0x00000000e6f00000| Untracked 
| 112|0x00000000e7000000, 0x00000000e7000000, 0x00000000e7100000|  0%| F|  |TAMS 0x00000000e7000000, 0x00000000e7000000| Untracked 
| 113|0x00000000e7100000, 0x00000000e7100000, 0x00000000e7200000|  0%| F|  |TAMS 0x00000000e7100000, 0x00000000e7100000| Untracked 
| 114|0x00000000e7200000, 0x00000000e7200000, 0x00000000e7300000|  0%| F|  |TAMS 0x00000000e7200000, 0x00000000e7200000| Untracked 
| 115|0x00000000e7300000, 0x00000000e7300000, 0x00000000e7400000|  0%| F|  |TAMS 0x00000000e7300000, 0x00000000e7300000| Untracked 
| 116|0x00000000e7400000, 0x00000000e7400000, 0x00000000e7500000|  0%| F|  |TAMS 0x00000000e7400000, 0x00000000e7400000| Untracked 
| 117|0x00000000e7500000, 0x00000000e7500000, 0x00000000e7600000|  0%| F|  |TAMS 0x00000000e7500000, 0x00000000e7500000| Untracked 
| 118|0x00000000e7600000, 0x00000000e7600000, 0x00000000e7700000|  0%| F|  |TAMS 0x00000000e7600000, 0x00000000e7600000| Untracked 
| 119|0x00000000e7700000, 0x00000000e7700000, 0x00000000e7800000|  0%| F|  |TAMS 0x00000000e7700000, 0x00000000e7700000| Untracked 
| 120|0x00000000e7800000, 0x00000000e7800000, 0x00000000e7900000|  0%| F|  |TAMS 0x00000000e7800000, 0x00000000e7800000| Untracked 
| 121|0x00000000e7900000, 0x00000000e7900000, 0x00000000e7a00000|  0%| F|  |TAMS 0x00000000e7900000, 0x00000000e7900000| Untracked 
| 122|0x00000000e7a00000, 0x00000000e7a00000, 0x00000000e7b00000|  0%| F|  |TAMS 0x00000000e7a00000, 0x00000000e7a00000| Untracked 
| 123|0x00000000e7b00000, 0x00000000e7b00000, 0x00000000e7c00000|  0%| F|  |TAMS 0x00000000e7b00000, 0x00000000e7b00000| Untracked 
| 124|0x00000000e7c00000, 0x00000000e7c00000, 0x00000000e7d00000|  0%| F|  |TAMS 0x00000000e7c00000, 0x00000000e7c00000| Untracked 
| 125|0x00000000e7d00000, 0x00000000e7d00000, 0x00000000e7e00000|  0%| F|  |TAMS 0x00000000e7d00000, 0x00000000e7d00000| Untracked 
| 126|0x00000000e7e00000, 0x00000000e7e00000, 0x00000000e7f00000|  0%| F|  |TAMS 0x00000000e7e00000, 0x00000000e7e00000| Untracked 
| 127|0x00000000e7f00000, 0x00000000e7f00000, 0x00000000e8000000|  0%| F|  |TAMS 0x00000000e7f00000, 0x00000000e7f00000| Untracked 
| 128|0x00000000e8000000, 0x00000000e8000000, 0x00000000e8100000|  0%| F|  |TAMS 0x00000000e8000000, 0x00000000e8000000| Untracked 
| 129|0x00000000e8100000, 0x00000000e8100000, 0x00000000e8200000|  0%| F|  |TAMS 0x00000000e8100000, 0x00000000e8100000| Untracked 
| 130|0x00000000e8200000, 0x00000000e8200000, 0x00000000e8300000|  0%| F|  |TAMS 0x00000000e8200000, 0x00000000e8200000| Untracked 
| 131|0x00000000e8300000, 0x00000000e8300000, 0x00000000e8400000|  0%| F|  |TAMS 0x00000000e8300000, 0x00000000e8300000| Untracked 
| 132|0x00000000e8400000, 0x00000000e8400000, 0x00000000e8500000|  0%| F|  |TAMS 0x00000000e8400000, 0x00000000e8400000| Untracked 
| 133|0x00000000e8500000, 0x00000000e8500000, 0x00000000e8600000|  0%| F|  |TAMS 0x00000000e8500000, 0x00000000e8500000| Untracked 
| 134|0x00000000e8600000, 0x00000000e8600000, 0x00000000e8700000|  0%| F|  |TAMS 0x00000000e8600000, 0x00000000e8600000| Untracked 
| 135|0x00000000e8700000, 0x00000000e8700000, 0x00000000e8800000|  0%| F|  |TAMS 0x00000000e8700000, 0x00000000e8700000| Untracked 
| 136|0x00000000e8800000, 0x00000000e8800000, 0x00000000e8900000|  0%| F|  |TAMS 0x00000000e8800000, 0x00000000e8800000| Untracked 
| 137|0x00000000e8900000, 0x00000000e8900000, 0x00000000e8a00000|  0%| F|  |TAMS 0x00000000e8900000, 0x00000000e8900000| Untracked 
| 138|0x00000000e8a00000, 0x00000000e8a00000, 0x00000000e8b00000|  0%| F|  |TAMS 0x00000000e8a00000, 0x00000000e8a00000| Untracked 
| 139|0x00000000e8b00000, 0x00000000e8b00000, 0x00000000e8c00000|  0%| F|  |TAMS 0x00000000e8b00000, 0x00000000e8b00000| Untracked 
| 140|0x00000000e8c00000, 0x00000000e8c00000, 0x00000000e8d00000|  0%| F|  |TAMS 0x00000000e8c00000, 0x00000000e8c00000| Untracked 
| 141|0x00000000e8d00000, 0x00000000e8d00000, 0x00000000e8e00000|  0%| F|  |TAMS 0x00000000e8d00000, 0x00000000e8d00000| Untracked 
| 142|0x00000000e8e00000, 0x00000000e8e00000, 0x00000000e8f00000|  0%| F|  |TAMS 0x00000000e8e00000, 0x00000000e8e00000| Untracked 
| 143|0x00000000e8f00000, 0x00000000e8f00000, 0x00000000e9000000|  0%| F|  |TAMS 0x00000000e8f00000, 0x00000000e8f00000| Untracked 
| 144|0x00000000e9000000, 0x00000000e9000000, 0x00000000e9100000|  0%| F|  |TAMS 0x00000000e9000000, 0x00000000e9000000| Untracked 
| 145|0x00000000e9100000, 0x00000000e9100000, 0x00000000e9200000|  0%| F|  |TAMS 0x00000000e9100000, 0x00000000e9100000| Untracked 
| 146|0x00000000e9200000, 0x00000000e9200000, 0x00000000e9300000|  0%| F|  |TAMS 0x00000000e9200000, 0x00000000e9200000| Untracked 
| 147|0x00000000e9300000, 0x00000000e9300000, 0x00000000e9400000|  0%| F|  |TAMS 0x00000000e9300000, 0x00000000e9300000| Untracked 
| 148|0x00000000e9400000, 0x00000000e9400000, 0x00000000e9500000|  0%| F|  |TAMS 0x00000000e9400000, 0x00000000e9400000| Untracked 
| 149|0x00000000e9500000, 0x00000000e9500000, 0x00000000e9600000|  0%| F|  |TAMS 0x00000000e9500000, 0x00000000e9500000| Untracked 
| 150|0x00000000e9600000, 0x00000000e9600000, 0x00000000e9700000|  0%| F|  |TAMS 0x00000000e9600000, 0x00000000e9600000| Untracked 
| 151|0x00000000e9700000, 0x00000000e9700000, 0x00000000e9800000|  0%| F|  |TAMS 0x00000000e9700000, 0x00000000e9700000| Untracked 
| 152|0x00000000e9800000, 0x00000000e9800000, 0x00000000e9900000|  0%| F|  |TAMS 0x00000000e9800000, 0x00000000e9800000| Untracked 
| 153|0x00000000e9900000, 0x00000000e9900000, 0x00000000e9a00000|  0%| F|  |TAMS 0x00000000e9900000, 0x00000000e9900000| Untracked 
| 154|0x00000000e9a00000, 0x00000000e9a00000, 0x00000000e9b00000|  0%| F|  |TAMS 0x00000000e9a00000, 0x00000000e9a00000| Untracked 
| 155|0x00000000e9b00000, 0x00000000e9b00000, 0x00000000e9c00000|  0%| F|  |TAMS 0x00000000e9b00000, 0x00000000e9b00000| Untracked 
| 156|0x00000000e9c00000, 0x00000000e9c00000, 0x00000000e9d00000|  0%| F|  |TAMS 0x00000000e9c00000, 0x00000000e9c00000| Untracked 
| 157|0x00000000e9d00000, 0x00000000e9d00000, 0x00000000e9e00000|  0%| F|  |TAMS 0x00000000e9d00000, 0x00000000e9d00000| Untracked 
| 158|0x00000000e9e00000, 0x00000000e9e00000, 0x00000000e9f00000|  0%| F|  |TAMS 0x00000000e9e00000, 0x00000000e9e00000| Untracked 
| 159|0x00000000e9f00000, 0x00000000e9f00000, 0x00000000ea000000|  0%| F|  |TAMS 0x00000000e9f00000, 0x00000000e9f00000| Untracked 
| 160|0x00000000ea000000, 0x00000000ea000000, 0x00000000ea100000|  0%| F|  |TAMS 0x00000000ea000000, 0x00000000ea000000| Untracked 
| 161|0x00000000ea100000, 0x00000000ea100000, 0x00000000ea200000|  0%| F|  |TAMS 0x00000000ea100000, 0x00000000ea100000| Untracked 
| 162|0x00000000ea200000, 0x00000000ea200000, 0x00000000ea300000|  0%| F|  |TAMS 0x00000000ea200000, 0x00000000ea200000| Untracked 
| 163|0x00000000ea300000, 0x00000000ea300000, 0x00000000ea400000|  0%| F|  |TAMS 0x00000000ea300000, 0x00000000ea300000| Untracked 
| 164|0x00000000ea400000, 0x00000000ea400000, 0x00000000ea500000|  0%| F|  |TAMS 0x00000000ea400000, 0x00000000ea400000| Untracked 
| 165|0x00000000ea500000, 0x00000000ea500000, 0x00000000ea600000|  0%| F|  |TAMS 0x00000000ea500000, 0x00000000ea500000| Untracked 
| 166|0x00000000ea600000, 0x00000000ea600000, 0x00000000ea700000|  0%| F|  |TAMS 0x00000000ea600000, 0x00000000ea600000| Untracked 
| 167|0x00000000ea700000, 0x00000000ea700000, 0x00000000ea800000|  0%| F|  |TAMS 0x00000000ea700000, 0x00000000ea700000| Untracked 
| 168|0x00000000ea800000, 0x00000000ea800000, 0x00000000ea900000|  0%| F|  |TAMS 0x00000000ea800000, 0x00000000ea800000| Untracked 
| 169|0x00000000ea900000, 0x00000000ea900000, 0x00000000eaa00000|  0%| F|  |TAMS 0x00000000ea900000, 0x00000000ea900000| Untracked 
| 170|0x00000000eaa00000, 0x00000000eaa00000, 0x00000000eab00000|  0%| F|  |TAMS 0x00000000eaa00000, 0x00000000eaa00000| Untracked 
| 171|0x00000000eab00000, 0x00000000eab00000, 0x00000000eac00000|  0%| F|  |TAMS 0x00000000eab00000, 0x00000000eab00000| Untracked 
| 172|0x00000000eac00000, 0x00000000eac00000, 0x00000000ead00000|  0%| F|  |TAMS 0x00000000eac00000, 0x00000000eac00000| Untracked 
| 173|0x00000000ead00000, 0x00000000ead00000, 0x00000000eae00000|  0%| F|  |TAMS 0x00000000ead00000, 0x00000000ead00000| Untracked 
| 174|0x00000000eae00000, 0x00000000eae00000, 0x00000000eaf00000|  0%| F|  |TAMS 0x00000000eae00000, 0x00000000eae00000| Untracked 
| 175|0x00000000eaf00000, 0x00000000eaf00000, 0x00000000eb000000|  0%| F|  |TAMS 0x00000000eaf00000, 0x00000000eaf00000| Untracked 
| 176|0x00000000eb000000, 0x00000000eb000000, 0x00000000eb100000|  0%| F|  |TAMS 0x00000000eb000000, 0x00000000eb000000| Untracked 
| 177|0x00000000eb100000, 0x00000000eb100000, 0x00000000eb200000|  0%| F|  |TAMS 0x00000000eb100000, 0x00000000eb100000| Untracked 
| 178|0x00000000eb200000, 0x00000000eb200000, 0x00000000eb300000|  0%| F|  |TAMS 0x00000000eb200000, 0x00000000eb200000| Untracked 
| 179|0x00000000eb300000, 0x00000000eb300000, 0x00000000eb400000|  0%| F|  |TAMS 0x00000000eb300000, 0x00000000eb300000| Untracked 
| 180|0x00000000eb400000, 0x00000000eb400000, 0x00000000eb500000|  0%| F|  |TAMS 0x00000000eb400000, 0x00000000eb400000| Untracked 
| 181|0x00000000eb500000, 0x00000000eb500000, 0x00000000eb600000|  0%| F|  |TAMS 0x00000000eb500000, 0x00000000eb500000| Untracked 
| 182|0x00000000eb600000, 0x00000000eb600000, 0x00000000eb700000|  0%| F|  |TAMS 0x00000000eb600000, 0x00000000eb600000| Untracked 
| 183|0x00000000eb700000, 0x00000000eb700000, 0x00000000eb800000|  0%| F|  |TAMS 0x00000000eb700000, 0x00000000eb700000| Untracked 
| 184|0x00000000eb800000, 0x00000000eb800000, 0x00000000eb900000|  0%| F|  |TAMS 0x00000000eb800000, 0x00000000eb800000| Untracked 
| 185|0x00000000eb900000, 0x00000000eb900000, 0x00000000eba00000|  0%| F|  |TAMS 0x00000000eb900000, 0x00000000eb900000| Untracked 
| 186|0x00000000eba00000, 0x00000000eba00000, 0x00000000ebb00000|  0%| F|  |TAMS 0x00000000eba00000, 0x00000000eba00000| Untracked 
| 187|0x00000000ebb00000, 0x00000000ebb00000, 0x00000000ebc00000|  0%| F|  |TAMS 0x00000000ebb00000, 0x00000000ebb00000| Untracked 
| 188|0x00000000ebc00000, 0x00000000ebc00000, 0x00000000ebd00000|  0%| F|  |TAMS 0x00000000ebc00000, 0x00000000ebc00000| Untracked 
| 189|0x00000000ebd00000, 0x00000000ebd00000, 0x00000000ebe00000|  0%| F|  |TAMS 0x00000000ebd00000, 0x00000000ebd00000| Untracked 
| 190|0x00000000ebe00000, 0x00000000ebe00000, 0x00000000ebf00000|  0%| F|  |TAMS 0x00000000ebe00000, 0x00000000ebe00000| Untracked 
| 191|0x00000000ebf00000, 0x00000000ebf00000, 0x00000000ec000000|  0%| F|  |TAMS 0x00000000ebf00000, 0x00000000ebf00000| Untracked 
| 192|0x00000000ec000000, 0x00000000ec000000, 0x00000000ec100000|  0%| F|  |TAMS 0x00000000ec000000, 0x00000000ec000000| Untracked 
| 193|0x00000000ec100000, 0x00000000ec100000, 0x00000000ec200000|  0%| F|  |TAMS 0x00000000ec100000, 0x00000000ec100000| Untracked 
| 194|0x00000000ec200000, 0x00000000ec200000, 0x00000000ec300000|  0%| F|  |TAMS 0x00000000ec200000, 0x00000000ec200000| Untracked 
| 195|0x00000000ec300000, 0x00000000ec300000, 0x00000000ec400000|  0%| F|  |TAMS 0x00000000ec300000, 0x00000000ec300000| Untracked 
| 196|0x00000000ec400000, 0x00000000ec400000, 0x00000000ec500000|  0%| F|  |TAMS 0x00000000ec400000, 0x00000000ec400000| Untracked 
| 197|0x00000000ec500000, 0x00000000ec500000, 0x00000000ec600000|  0%| F|  |TAMS 0x00000000ec500000, 0x00000000ec500000| Untracked 
| 198|0x00000000ec600000, 0x00000000ec600000, 0x00000000ec700000|  0%| F|  |TAMS 0x00000000ec600000, 0x00000000ec600000| Untracked 
| 199|0x00000000ec700000, 0x00000000ec700000, 0x00000000ec800000|  0%| F|  |TAMS 0x00000000ec700000, 0x00000000ec700000| Untracked 
| 200|0x00000000ec800000, 0x00000000ec800000, 0x00000000ec900000|  0%| F|  |TAMS 0x00000000ec800000, 0x00000000ec800000| Untracked 
| 201|0x00000000ec900000, 0x00000000ec900000, 0x00000000eca00000|  0%| F|  |TAMS 0x00000000ec900000, 0x00000000ec900000| Untracked 
| 202|0x00000000eca00000, 0x00000000eca00000, 0x00000000ecb00000|  0%| F|  |TAMS 0x00000000eca00000, 0x00000000eca00000| Untracked 
| 203|0x00000000ecb00000, 0x00000000ecb00000, 0x00000000ecc00000|  0%| F|  |TAMS 0x00000000ecb00000, 0x00000000ecb00000| Untracked 
| 204|0x00000000ecc00000, 0x00000000ecc00000, 0x00000000ecd00000|  0%| F|  |TAMS 0x00000000ecc00000, 0x00000000ecc00000| Untracked 
| 205|0x00000000ecd00000, 0x00000000ecd00000, 0x00000000ece00000|  0%| F|  |TAMS 0x00000000ecd00000, 0x00000000ecd00000| Untracked 
| 206|0x00000000ece00000, 0x00000000ece00000, 0x00000000ecf00000|  0%| F|  |TAMS 0x00000000ece00000, 0x00000000ece00000| Untracked 
| 207|0x00000000ecf00000, 0x00000000ecf00000, 0x00000000ed000000|  0%| F|  |TAMS 0x00000000ecf00000, 0x00000000ecf00000| Untracked 
| 208|0x00000000ed000000, 0x00000000ed000000, 0x00000000ed100000|  0%| F|  |TAMS 0x00000000ed000000, 0x00000000ed000000| Untracked 
| 209|0x00000000ed100000, 0x00000000ed100000, 0x00000000ed200000|  0%| F|  |TAMS 0x00000000ed100000, 0x00000000ed100000| Untracked 
| 210|0x00000000ed200000, 0x00000000ed200000, 0x00000000ed300000|  0%| F|  |TAMS 0x00000000ed200000, 0x00000000ed200000| Untracked 
| 211|0x00000000ed300000, 0x00000000ed300000, 0x00000000ed400000|  0%| F|  |TAMS 0x00000000ed300000, 0x00000000ed300000| Untracked 
| 212|0x00000000ed400000, 0x00000000ed400000, 0x00000000ed500000|  0%| F|  |TAMS 0x00000000ed400000, 0x00000000ed400000| Untracked 
| 213|0x00000000ed500000, 0x00000000ed500000, 0x00000000ed600000|  0%| F|  |TAMS 0x00000000ed500000, 0x00000000ed500000| Untracked 
| 214|0x00000000ed600000, 0x00000000ed600000, 0x00000000ed700000|  0%| F|  |TAMS 0x00000000ed600000, 0x00000000ed600000| Untracked 
| 215|0x00000000ed700000, 0x00000000ed700000, 0x00000000ed800000|  0%| F|  |TAMS 0x00000000ed700000, 0x00000000ed700000| Untracked 
| 216|0x00000000ed800000, 0x00000000ed800000, 0x00000000ed900000|  0%| F|  |TAMS 0x00000000ed800000, 0x00000000ed800000| Untracked 
| 217|0x00000000ed900000, 0x00000000ed900000, 0x00000000eda00000|  0%| F|  |TAMS 0x00000000ed900000, 0x00000000ed900000| Untracked 
| 218|0x00000000eda00000, 0x00000000eda00000, 0x00000000edb00000|  0%| F|  |TAMS 0x00000000eda00000, 0x00000000eda00000| Untracked 
| 219|0x00000000edb00000, 0x00000000edb00000, 0x00000000edc00000|  0%| F|  |TAMS 0x00000000edb00000, 0x00000000edb00000| Untracked 
| 220|0x00000000edc00000, 0x00000000edc00000, 0x00000000edd00000|  0%| F|  |TAMS 0x00000000edc00000, 0x00000000edc00000| Untracked 
| 221|0x00000000edd00000, 0x00000000edd00000, 0x00000000ede00000|  0%| F|  |TAMS 0x00000000edd00000, 0x00000000edd00000| Untracked 
| 222|0x00000000ede00000, 0x00000000ede00000, 0x00000000edf00000|  0%| F|  |TAMS 0x00000000ede00000, 0x00000000ede00000| Untracked 
| 223|0x00000000edf00000, 0x00000000edf00000, 0x00000000ee000000|  0%| F|  |TAMS 0x00000000edf00000, 0x00000000edf00000| Untracked 
| 224|0x00000000ee000000, 0x00000000ee000000, 0x00000000ee100000|  0%| F|  |TAMS 0x00000000ee000000, 0x00000000ee000000| Untracked 
| 225|0x00000000ee100000, 0x00000000ee100000, 0x00000000ee200000|  0%| F|  |TAMS 0x00000000ee100000, 0x00000000ee100000| Untracked 
| 226|0x00000000ee200000, 0x00000000ee200000, 0x00000000ee300000|  0%| F|  |TAMS 0x00000000ee200000, 0x00000000ee200000| Untracked 
| 227|0x00000000ee300000, 0x00000000ee300000, 0x00000000ee400000|  0%| F|  |TAMS 0x00000000ee300000, 0x00000000ee300000| Untracked 
| 228|0x00000000ee400000, 0x00000000ee400000, 0x00000000ee500000|  0%| F|  |TAMS 0x00000000ee400000, 0x00000000ee400000| Untracked 
| 229|0x00000000ee500000, 0x00000000ee500000, 0x00000000ee600000|  0%| F|  |TAMS 0x00000000ee500000, 0x00000000ee500000| Untracked 
| 230|0x00000000ee600000, 0x00000000ee600000, 0x00000000ee700000|  0%| F|  |TAMS 0x00000000ee600000, 0x00000000ee600000| Untracked 
| 231|0x00000000ee700000, 0x00000000ee700000, 0x00000000ee800000|  0%| F|  |TAMS 0x00000000ee700000, 0x00000000ee700000| Untracked 
| 232|0x00000000ee800000, 0x00000000ee800000, 0x00000000ee900000|  0%| F|  |TAMS 0x00000000ee800000, 0x00000000ee800000| Untracked 
| 233|0x00000000ee900000, 0x00000000ee900000, 0x00000000eea00000|  0%| F|  |TAMS 0x00000000ee900000, 0x00000000ee900000| Untracked 
| 234|0x00000000eea00000, 0x00000000eea00000, 0x00000000eeb00000|  0%| F|  |TAMS 0x00000000eea00000, 0x00000000eea00000| Untracked 
| 235|0x00000000eeb00000, 0x00000000eeb00000, 0x00000000eec00000|  0%| F|  |TAMS 0x00000000eeb00000, 0x00000000eeb00000| Untracked 
| 236|0x00000000eec00000, 0x00000000eec00000, 0x00000000eed00000|  0%| F|  |TAMS 0x00000000eec00000, 0x00000000eec00000| Untracked 
| 237|0x00000000eed00000, 0x00000000eed00000, 0x00000000eee00000|  0%| F|  |TAMS 0x00000000eed00000, 0x00000000eed00000| Untracked 
| 238|0x00000000eee00000, 0x00000000eee00000, 0x00000000eef00000|  0%| F|  |TAMS 0x00000000eee00000, 0x00000000eee00000| Untracked 
| 239|0x00000000eef00000, 0x00000000eef00000, 0x00000000ef000000|  0%| F|  |TAMS 0x00000000eef00000, 0x00000000eef00000| Untracked 
| 240|0x00000000ef000000, 0x00000000ef000000, 0x00000000ef100000|  0%| F|  |TAMS 0x00000000ef000000, 0x00000000ef000000| Untracked 
| 241|0x00000000ef100000, 0x00000000ef100000, 0x00000000ef200000|  0%| F|  |TAMS 0x00000000ef100000, 0x00000000ef100000| Untracked 
| 242|0x00000000ef200000, 0x00000000ef200000, 0x00000000ef300000|  0%| F|  |TAMS 0x00000000ef200000, 0x00000000ef200000| Untracked 
| 243|0x00000000ef300000, 0x00000000ef300000, 0x00000000ef400000|  0%| F|  |TAMS 0x00000000ef300000, 0x00000000ef300000| Untracked 
| 244|0x00000000ef400000, 0x00000000ef400000, 0x00000000ef500000|  0%| F|  |TAMS 0x00000000ef400000, 0x00000000ef400000| Untracked 
| 245|0x00000000ef500000, 0x00000000ef500000, 0x00000000ef600000|  0%| F|  |TAMS 0x00000000ef500000, 0x00000000ef500000| Untracked 
| 246|0x00000000ef600000, 0x00000000ef600000, 0x00000000ef700000|  0%| F|  |TAMS 0x00000000ef600000, 0x00000000ef600000| Untracked 
| 247|0x00000000ef700000, 0x00000000ef700000, 0x00000000ef800000|  0%| F|  |TAMS 0x00000000ef700000, 0x00000000ef700000| Untracked 
| 248|0x00000000ef800000, 0x00000000ef800000, 0x00000000ef900000|  0%| F|  |TAMS 0x00000000ef800000, 0x00000000ef800000| Untracked 
| 249|0x00000000ef900000, 0x00000000ef900000, 0x00000000efa00000|  0%| F|  |TAMS 0x00000000ef900000, 0x00000000ef900000| Untracked 
| 250|0x00000000efa00000, 0x00000000efa00000, 0x00000000efb00000|  0%| F|  |TAMS 0x00000000efa00000, 0x00000000efa00000| Untracked 
| 251|0x00000000efb00000, 0x00000000efb00000, 0x00000000efc00000|  0%| F|  |TAMS 0x00000000efb00000, 0x00000000efb00000| Untracked 
| 252|0x00000000efc00000, 0x00000000efc00000, 0x00000000efd00000|  0%| F|  |TAMS 0x00000000efc00000, 0x00000000efc00000| Untracked 
| 253|0x00000000efd00000, 0x00000000efe00000, 0x00000000efe00000|100%| E|  |TAMS 0x00000000efd00000, 0x00000000efd00000| Complete 
| 254|0x00000000efe00000, 0x00000000eff00000, 0x00000000eff00000|100%| E|CS|TAMS 0x00000000efe00000, 0x00000000efe00000| Complete 
| 255|0x00000000eff00000, 0x00000000f0000000, 0x00000000f0000000|100%| E|CS|TAMS 0x00000000eff00000, 0x00000000eff00000| Complete 

Card table byte_map: [0x00000207b6390000,0x00000207b6490000] _byte_map_base: 0x00000207b5c90000

Marking Bits (Prev, Next): (CMBitMap*) 0x000002079f4bb6f0, (CMBitMap*) 0x000002079f4bb730
 Prev Bits: [0x00000207b6590000, 0x00000207b6d90000)
 Next Bits: [0x00000207b6d90000, 0x00000207b7590000)

Polling page: 0x000002079ec60000

Metaspace:

Usage:
  Non-class:     40.71 MB used.
      Class:      6.81 MB used.
       Both:     47.53 MB used.

Virtual space:
  Non-class space:       64.00 MB reserved,      41.00 MB ( 64%) committed,  1 nodes.
      Class space:      320.00 MB reserved,       7.06 MB (  2%) committed,  1 nodes.
             Both:      384.00 MB reserved,      48.06 MB ( 13%) committed. 

Chunk freelists:
   Non-Class:  6.22 MB
       Class:  8.84 MB
        Both:  15.06 MB

MaxMetaspaceSize: 384.00 MB
CompressedClassSpaceSize: 320.00 MB
Initial GC threshold: 21.00 MB
Current GC threshold: 58.69 MB
CDS: on
MetaspaceReclaimPolicy: balanced
 - commit_granule_bytes: 65536.
 - commit_granule_words: 8192.
 - virtual_space_node_default_size: 8388608.
 - enlarge_chunks_in_place: 1.
 - new_chunks_are_fully_committed: 0.
 - uncommit_free_chunks: 1.
 - use_allocation_guard: 0.
 - handle_deallocations: 1.


Internal statistics:

num_allocs_failed_limit: 6.
num_arena_births: 560.
num_arena_deaths: 0.
num_vsnodes_births: 2.
num_vsnodes_deaths: 0.
num_space_committed: 769.
num_space_uncommitted: 0.
num_chunks_returned_to_freelist: 6.
num_chunks_taken_from_freelist: 2533.
num_chunk_merges: 6.
num_chunk_splits: 1652.
num_chunks_enlarged: 1106.
num_inconsistent_stats: 0.

CodeHeap 'non-profiled nmethods': size=120000Kb used=2421Kb max_used=3068Kb free=117578Kb
 bounds [0x00000207ae800000, 0x00000207aeb00000, 0x00000207b5d30000]
CodeHeap 'profiled nmethods': size=120000Kb used=9266Kb max_used=11378Kb free=110734Kb
 bounds [0x00000207a6d30000, 0x00000207a7850000, 0x00000207ae260000]
CodeHeap 'non-nmethods': size=5760Kb used=2321Kb max_used=2388Kb free=3438Kb
 bounds [0x00000207ae260000, 0x00000207ae4d0000, 0x00000207ae800000]
 total_blobs=5820 nmethods=4981 adapters=750
 compilation: enabled
              stopped_count=0, restarted_count=0
 full_count=0

Compilation events (20 events):
Event: 7.433 Thread 0x00000207ba209d50 5876       3       java.util.stream.AbstractPipeline::exactOutputSizeIfKnown (86 bytes)
Event: 7.436 Thread 0x00000207ba209d50 nmethod 5876 0x00000207a7242e90 code [0x00000207a7243080, 0x00000207a7243728]
Event: 7.436 Thread 0x00000207ba209d50 5880       3       java.lang.ClassValue$ClassValueMap::checkCacheLoad (16 bytes)
Event: 7.441 Thread 0x00000207ba209d50 nmethod 5880 0x00000207a6e61290 code [0x00000207a6e61440, 0x00000207a6e615a8]
Event: 7.442 Thread 0x00000207ba209d50 5882       3       groovy.lang.MetaClassImpl::copyNonPrivateFields (100 bytes)
Event: 7.447 Thread 0x00000207ba209d50 nmethod 5882 0x00000207a7024290 code [0x00000207a7024500, 0x00000207a7025358]
Event: 7.449 Thread 0x00000207ba209d50 5883       3       org.codehaus.groovy.reflection.CachedMethod$MyComparator::compare (43 bytes)
Event: 7.453 Thread 0x00000207ba209d50 nmethod 5883 0x00000207a7211690 code [0x00000207a7211900, 0x00000207a72127a8]
Event: 7.453 Thread 0x00000207ba209d50 5873   !   3       com.sun.beans.util.Cache::removeStaleEntries (163 bytes)
Event: 7.455 Thread 0x00000207ba209d50 nmethod 5873 0x00000207a6d5c790 code [0x00000207a6d5ca00, 0x00000207a6d5da08]
Event: 7.455 Thread 0x00000207ba209d50 5878       1       groovyjarjarasm.asm.SymbolTable::getMajorVersion (5 bytes)
Event: 7.456 Thread 0x00000207ba209d50 nmethod 5878 0x00000207ae804690 code [0x00000207ae804820, 0x00000207ae8048f8]
Event: 7.456 Thread 0x00000207ba209d50 5884       3       org.codehaus.groovy.reflection.ClassInfo::getClassInfo (13 bytes)
Event: 7.457 Thread 0x00000207ba209d50 nmethod 5884 0x00000207a6d87c10 code [0x00000207a6d87dc0, 0x00000207a6d88068]
Event: 7.475 Thread 0x00000207ba209d50 5885       3       java.util.stream.Nodes::builder (8 bytes)
Event: 7.482 Thread 0x00000207ba209d50 nmethod 5885 0x00000207a6fd7a90 code [0x00000207a6fd7c40, 0x00000207a6fd8018]
Event: 7.482 Thread 0x00000207ba209d50 5887       3       org.codehaus.groovy.reflection.CachedClass$3::initValue (205 bytes)
Event: 7.489 Thread 0x00000207ba209d50 nmethod 5887 0x00000207a6d66010 code [0x00000207a6d66400, 0x00000207a6d681d8]
Event: 7.489 Thread 0x00000207ba209d50 5886       3       java.util.stream.Nodes$SpinedNodeBuilder::<init> (10 bytes)
Event: 7.493 Thread 0x00000207ba209d50 nmethod 5886 0x00000207a71c3a10 code [0x00000207a71c3bc0, 0x00000207a71c3ef8]

GC Heap History (10 events):
Event: 0.710 GC heap before
{Heap before GC invocations=0 (full 0):
 garbage-first heap   total 262144K, used 26624K [0x00000000e0000000, 0x0000000100000000)
  region size 1024K, 23 young (23552K), 0 survivors (0K)
 Metaspace       used 1994K, committed 2176K, reserved 393216K
  class space    used 211K, committed 320K, reserved 327680K
}
Event: 0.716 GC heap after
{Heap after GC invocations=1 (full 0):
 garbage-first heap   total 262144K, used 10832K [0x00000000e0000000, 0x0000000100000000)
  region size 1024K, 3 young (3072K), 3 survivors (3072K)
 Metaspace       used 1994K, committed 2176K, reserved 393216K
  class space    used 211K, committed 320K, reserved 327680K
}
Event: 1.130 GC heap before
{Heap before GC invocations=1 (full 0):
 garbage-first heap   total 262144K, used 38480K [0x00000000e0000000, 0x0000000100000000)
  region size 1024K, 30 young (30720K), 3 survivors (3072K)
 Metaspace       used 4041K, committed 4224K, reserved 393216K
  class space    used 503K, committed 640K, reserved 327680K
}
Event: 1.133 GC heap after
{Heap after GC invocations=2 (full 0):
 garbage-first heap   total 262144K, used 11837K [0x00000000e0000000, 0x0000000100000000)
  region size 1024K, 2 young (2048K), 2 survivors (2048K)
 Metaspace       used 4041K, committed 4224K, reserved 393216K
  class space    used 503K, committed 640K, reserved 327680K
}
Event: 2.897 GC heap before
{Heap before GC invocations=2 (full 0):
 garbage-first heap   total 262144K, used 142909K [0x00000000e0000000, 0x0000000100000000)
  region size 1024K, 129 young (132096K), 2 survivors (2048K)
 Metaspace       used 21215K, committed 21504K, reserved 393216K
  class space    used 3133K, committed 3328K, reserved 327680K
}
Event: 2.916 GC heap after
{Heap after GC invocations=3 (full 0):
 garbage-first heap   total 262144K, used 23688K [0x00000000e0000000, 0x0000000100000000)
  region size 1024K, 12 young (12288K), 12 survivors (12288K)
 Metaspace       used 21215K, committed 21504K, reserved 393216K
  class space    used 3133K, committed 3328K, reserved 327680K
}
Event: 4.649 GC heap before
{Heap before GC invocations=4 (full 0):
 garbage-first heap   total 262144K, used 146568K [0x00000000e0000000, 0x0000000100000000)
  region size 1024K, 129 young (132096K), 12 survivors (12288K)
 Metaspace       used 35599K, committed 35968K, reserved 393216K
  class space    used 4942K, committed 5120K, reserved 327680K
}
Event: 4.698 GC heap after
{Heap after GC invocations=5 (full 0):
 garbage-first heap   total 262144K, used 33167K [0x00000000e0000000, 0x0000000100000000)
  region size 1024K, 10 young (10240K), 10 survivors (10240K)
 Metaspace       used 35599K, committed 35968K, reserved 393216K
  class space    used 4942K, committed 5120K, reserved 327680K
}
Event: 7.507 GC heap before
{Heap before GC invocations=6 (full 0):
 garbage-first heap   total 262144K, used 180623K [0x00000000e0000000, 0x0000000100000000)
  region size 1024K, 153 young (156672K), 10 survivors (10240K)
 Metaspace       used 48657K, committed 49216K, reserved 393216K
  class space    used 6973K, committed 7232K, reserved 327680K
}
Event: 7.595 GC heap after
{Heap after GC invocations=7 (full 0):
 garbage-first heap   total 262144K, used 40565K [0x00000000e0000000, 0x0000000100000000)
  region size 1024K, 17 young (17408K), 17 survivors (17408K)
 Metaspace       used 48657K, committed 49216K, reserved 393216K
  class space    used 6973K, committed 7232K, reserved 327680K
}

Deoptimization events (20 events):
Event: 6.791 Thread 0x00000207d4d48730 DEOPT PACKING pc=0x00000207aea215e4 sp=0x0000006c0a8f6100
Event: 6.791 Thread 0x00000207d4d48730 DEOPT UNPACKING pc=0x00000207ae2b23a3 sp=0x0000006c0a8f60a8 mode 2
Event: 6.863 Thread 0x00000207d4d48730 Uncommon trap: trap_request=0xffffffbe fr.pc=0x00000207ae88e34c relative=0x000000000000030c
Event: 6.863 Thread 0x00000207d4d48730 Uncommon trap: reason=profile_predicate action=maybe_recompile pc=0x00000207ae88e34c method=sun.instrument.TransformerManager.transform(Ljava/lang/Module;Ljava/lang/ClassLoader;Ljava/lang/String;Ljava/lang/Class;Ljava/security/ProtectionDomain;[B)[B @ 21 
Event: 6.863 Thread 0x00000207d4d48730 DEOPT PACKING pc=0x00000207ae88e34c sp=0x0000006c0a8f69b0
Event: 6.863 Thread 0x00000207d4d48730 DEOPT UNPACKING pc=0x00000207ae2b23a3 sp=0x0000006c0a8f68c0 mode 2
Event: 6.883 Thread 0x00000207d4d48730 DEOPT PACKING pc=0x00000207a7699e59 sp=0x0000006c0a8f7b70
Event: 6.883 Thread 0x00000207d4d48730 DEOPT UNPACKING pc=0x00000207ae2b2b43 sp=0x0000006c0a8f7068 mode 0
Event: 6.884 Thread 0x00000207d4d48730 Uncommon trap: trap_request=0xffffffbe fr.pc=0x00000207ae88e34c relative=0x000000000000030c
Event: 6.884 Thread 0x00000207d4d48730 Uncommon trap: reason=profile_predicate action=maybe_recompile pc=0x00000207ae88e34c method=sun.instrument.TransformerManager.transform(Ljava/lang/Module;Ljava/lang/ClassLoader;Ljava/lang/String;Ljava/lang/Class;Ljava/security/ProtectionDomain;[B)[B @ 21 
Event: 6.884 Thread 0x00000207d4d48730 DEOPT PACKING pc=0x00000207ae88e34c sp=0x0000006c0a8f6af0
Event: 6.885 Thread 0x00000207d4d48730 DEOPT UNPACKING pc=0x00000207ae2b23a3 sp=0x0000006c0a8f6a00 mode 2
Event: 6.926 Thread 0x00000207d4d48730 Uncommon trap: trap_request=0xffffffbe fr.pc=0x00000207ae88e34c relative=0x000000000000030c
Event: 6.926 Thread 0x00000207d4d48730 Uncommon trap: reason=profile_predicate action=maybe_recompile pc=0x00000207ae88e34c method=sun.instrument.TransformerManager.transform(Ljava/lang/Module;Ljava/lang/ClassLoader;Ljava/lang/String;Ljava/lang/Class;Ljava/security/ProtectionDomain;[B)[B @ 21 
Event: 6.926 Thread 0x00000207d4d48730 DEOPT PACKING pc=0x00000207ae88e34c sp=0x0000006c0a8f60c0
Event: 6.926 Thread 0x00000207d4d48730 DEOPT UNPACKING pc=0x00000207ae2b23a3 sp=0x0000006c0a8f5fd0 mode 2
Event: 6.935 Thread 0x00000207d4d48730 Uncommon trap: trap_request=0xffffffbe fr.pc=0x00000207ae88e34c relative=0x000000000000030c
Event: 6.935 Thread 0x00000207d4d48730 Uncommon trap: reason=profile_predicate action=maybe_recompile pc=0x00000207ae88e34c method=sun.instrument.TransformerManager.transform(Ljava/lang/Module;Ljava/lang/ClassLoader;Ljava/lang/String;Ljava/lang/Class;Ljava/security/ProtectionDomain;[B)[B @ 21 
Event: 6.935 Thread 0x00000207d4d48730 DEOPT PACKING pc=0x00000207ae88e34c sp=0x0000006c0a8f5d90
Event: 6.935 Thread 0x00000207d4d48730 DEOPT UNPACKING pc=0x00000207ae2b23a3 sp=0x0000006c0a8f5ca0 mode 2

Classes unloaded (0 events):
No events

Classes redefined (0 events):
No events

Internal exceptions (20 events):
Event: 7.323 Thread 0x00000207d4d48730 Exception <a 'java/lang/ClassNotFoundException'{0x00000000e6b38c88}: build_3gpuldls97yxqdcyyz7yu1pk5BeanInfo> (0x00000000e6b38c88) 
thrown [s\open\src\hotspot\share\classfile\systemDictionary.cpp, line 256]
Event: 7.329 Thread 0x00000207d4d48730 Exception <a 'java/lang/ClassNotFoundException'{0x00000000e6b3ff00}: build_3gpuldls97yxqdcyyz7yu1pk5Customizer> (0x00000000e6b3ff00) 
thrown [s\open\src\hotspot\share\classfile\systemDictionary.cpp, line 256]
Event: 7.377 Thread 0x00000207d4d48730 Exception <a 'java/lang/ClassNotFoundException'{0x00000000e6ba9d70}: org/gradle/api/plugins/internal/DefaultJavaPluginExtension_DecoratedBeanInfo> (0x00000000e6ba9d70) 
thrown [s\open\src\hotspot\share\classfile\systemDictionary.cpp, line 256]
Event: 7.387 Thread 0x00000207d4d48730 Exception <a 'java/lang/ClassNotFoundException'{0x00000000e6bc0918}: org/gradle/api/plugins/internal/DefaultJavaPluginExtensionBeanInfo> (0x00000000e6bc0918) 
thrown [s\open\src\hotspot\share\classfile\systemDictionary.cpp, line 256]
Event: 7.398 Thread 0x00000207d4d48730 Exception <a 'java/lang/ClassNotFoundException'{0x00000000e6bd74c8}: org/gradle/api/plugins/internal/DefaultJavaPluginExtensionCustomizer> (0x00000000e6bd74c8) 
thrown [s\open\src\hotspot\share\classfile\systemDictionary.cpp, line 256]
Event: 7.409 Thread 0x00000207d4d48730 Exception <a 'java/lang/ClassNotFoundException'{0x00000000e6a115e8}: org/gradle/api/plugins/internal/DefaultJavaPluginExtension_DecoratedCustomizer> (0x00000000e6a115e8) 
thrown [s\open\src\hotspot\share\classfile\systemDictionary.cpp, line 256]
Event: 7.423 Thread 0x00000207d4d48730 Exception <a 'java/lang/ClassNotFoundException'{0x00000000e6a68bb8}: org/gradle/jvm/toolchain/JavaLanguageVersionBeanInfo> (0x00000000e6a68bb8) 
thrown [s\open\src\hotspot\share\classfile\systemDictionary.cpp, line 256]
Event: 7.424 Thread 0x00000207d4d48730 Exception <a 'java/lang/ClassNotFoundException'{0x00000000e6a7dd48}: org/gradle/jvm/toolchain/JavaLanguageVersionCustomizer> (0x00000000e6a7dd48) 
thrown [s\open\src\hotspot\share\classfile\systemDictionary.cpp, line 256]
Event: 7.431 Thread 0x00000207d4d48730 Exception <a 'java/lang/ClassNotFoundException'{0x00000000e6ad0f30}: org/gradle/jvm/toolchain/internal/DefaultToolchainSpec_DecoratedBeanInfo> (0x00000000e6ad0f30) 
thrown [s\open\src\hotspot\share\classfile\systemDictionary.cpp, line 256]
Event: 7.433 Thread 0x00000207d4d48730 Exception <a 'java/lang/ClassNotFoundException'{0x00000000e6ae73e0}: org/gradle/jvm/toolchain/internal/DefaultToolchainSpecBeanInfo> (0x00000000e6ae73e0) 
thrown [s\open\src\hotspot\share\classfile\systemDictionary.cpp, line 256]
Event: 7.434 Thread 0x00000207d4d48730 Exception <a 'java/lang/ClassNotFoundException'{0x00000000e6afd990}: org/gradle/jvm/toolchain/internal/DefaultToolchainSpecCustomizer> (0x00000000e6afd990) 
thrown [s\open\src\hotspot\share\classfile\systemDictionary.cpp, line 256]
Event: 7.438 Thread 0x00000207d4d48730 Exception <a 'java/lang/ClassNotFoundException'{0x00000000e6918c50}: org/gradle/jvm/toolchain/internal/DefaultToolchainSpec_DecoratedCustomizer> (0x00000000e6918c50) 
thrown [s\open\src\hotspot\share\classfile\systemDictionary.cpp, line 256]
Event: 7.658 Thread 0x00000207d4d48730 Exception <a 'java/lang/ClassNotFoundException'{0x00000000efeb3358}: org/gradle/api/internal/artifacts/dsl/DefaultRepositoryHandler_DecoratedBeanInfo> (0x00000000efeb3358) 
thrown [s\open\src\hotspot\share\classfile\systemDictionary.cpp, line 256]
Event: 7.670 Thread 0x00000207d4d48730 Exception <a 'java/lang/ClassNotFoundException'{0x00000000efeca1e0}: org/gradle/api/internal/artifacts/dsl/DefaultRepositoryHandlerBeanInfo> (0x00000000efeca1e0) 
thrown [s\open\src\hotspot\share\classfile\systemDictionary.cpp, line 256]
Event: 7.683 Thread 0x00000207d4d48730 Exception <a 'java/lang/ClassNotFoundException'{0x00000000efee12a8}: org/gradle/api/internal/artifacts/DefaultArtifactRepositoryContainerBeanInfo> (0x00000000efee12a8) 
thrown [s\open\src\hotspot\share\classfile\systemDictionary.cpp, line 256]
Event: 7.693 Thread 0x00000207d4d48730 Exception <a 'java/lang/ClassNotFoundException'{0x00000000efef53a8}: org/gradle/api/internal/DefaultNamedDomainObjectListBeanInfo> (0x00000000efef53a8) 
thrown [s\open\src\hotspot\share\classfile\systemDictionary.cpp, line 256]
Event: 7.701 Thread 0x00000207d4d48730 Exception <a 'java/lang/ClassNotFoundException'{0x00000000efd09bc0}: org/gradle/api/internal/DefaultNamedDomainObjectCollectionBeanInfo> (0x00000000efd09bc0) 
thrown [s\open\src\hotspot\share\classfile\systemDictionary.cpp, line 256]
Event: 7.709 Thread 0x00000207d4d48730 Exception <a 'java/lang/ClassNotFoundException'{0x00000000efd1e760}: org/gradle/api/internal/DefaultDomainObjectCollectionBeanInfo> (0x00000000efd1e760) 
thrown [s\open\src\hotspot\share\classfile\systemDictionary.cpp, line 256]
Event: 7.723 Thread 0x00000207d4d48730 Exception <a 'java/lang/ClassNotFoundException'{0x00000000efd25be0}: java/util/AbstractCollectionBeanInfo> (0x00000000efd25be0) 
thrown [s\open\src\hotspot\share\classfile\systemDictionary.cpp, line 256]
Event: 7.726 Thread 0x00000207d4d48730 Exception <a 'java/lang/ClassNotFoundException'{0x00000000efd2cd80}: java/util/AbstractCollectionCustomizer> (0x00000000efd2cd80) 
thrown [s\open\src\hotspot\share\classfile\systemDictionary.cpp, line 256]

VM Operations (20 events):
Event: 5.867 Executing VM operation: HandshakeAllThreads
Event: 5.868 Executing VM operation: HandshakeAllThreads done
Event: 5.885 Executing VM operation: HandshakeAllThreads
Event: 5.885 Executing VM operation: HandshakeAllThreads done
Event: 5.962 Executing VM operation: ICBufferFull
Event: 5.962 Executing VM operation: ICBufferFull done
Event: 6.189 Executing VM operation: ICBufferFull
Event: 6.189 Executing VM operation: ICBufferFull done
Event: 6.754 Executing VM operation: ICBufferFull
Event: 6.754 Executing VM operation: ICBufferFull done
Event: 6.755 Executing VM operation: HandshakeAllThreads
Event: 6.757 Executing VM operation: HandshakeAllThreads done
Event: 6.780 Executing VM operation: HandshakeAllThreads
Event: 6.780 Executing VM operation: HandshakeAllThreads done
Event: 7.321 Executing VM operation: HandshakeAllThreads
Event: 7.323 Executing VM operation: HandshakeAllThreads done
Event: 7.463 Executing VM operation: ICBufferFull
Event: 7.466 Executing VM operation: ICBufferFull done
Event: 7.506 Executing VM operation: G1CollectForAllocation
Event: 7.598 Executing VM operation: G1CollectForAllocation done

Events (20 events):
Event: 7.339 Thread 0x00000207ba20f220 flushing nmethod 0x00000207a76ebc10
Event: 7.339 Thread 0x00000207ba20f220 flushing nmethod 0x00000207a773a510
Event: 7.339 Thread 0x00000207ba20f220 flushing nmethod 0x00000207a775b290
Event: 7.339 Thread 0x00000207ba20f220 flushing nmethod 0x00000207a7760d10
Event: 7.339 Thread 0x00000207ba20f220 flushing nmethod 0x00000207a7762c90
Event: 7.339 Thread 0x00000207ba20f220 flushing nmethod 0x00000207a776c810
Event: 7.339 Thread 0x00000207ba20f220 flushing nmethod 0x00000207a776e090
Event: 7.339 Thread 0x00000207ba20f220 flushing nmethod 0x00000207a776e510
Event: 7.339 Thread 0x00000207ba20f220 flushing nmethod 0x00000207a7770c90
Event: 7.339 Thread 0x00000207ba20f220 flushing nmethod 0x00000207a7771090
Event: 7.339 Thread 0x00000207ba20f220 flushing nmethod 0x00000207a777d690
Event: 7.711 loading class java/util/AbstractCollectionBeanInfo
Event: 7.716 loading class java/util/AbstractCollectionBeanInfo done
Event: 7.723 loading class java/util/AbstractCollectionBeanInfo
Event: 7.723 loading class java/util/AbstractCollectionBeanInfo done
Event: 7.724 loading class java/util/AbstractCollectionCustomizer
Event: 7.725 loading class java/util/AbstractCollectionCustomizer done
Event: 7.726 loading class java/util/AbstractCollectionCustomizer
Event: 7.726 loading class java/util/AbstractCollectionCustomizer done
Event: 7.731 loading class sun/reflect/generics/reflectiveObjects/GenericArrayTypeImpl


Dynamic libraries:
0x00007ff6453c0000 - 0x00007ff6453d0000 	C:\Program Files\Java\jdk-17\bin\java.exe
0x00007fff2fc90000 - 0x00007fff2fe88000 	C:\Windows\SYSTEM32\ntdll.dll
0x00007fff2e3e0000 - 0x00007fff2e49d000 	C:\Windows\System32\KERNEL32.DLL
0x00007fff2d880000 - 0x00007fff2db76000 	C:\Windows\System32\KERNELBASE.dll
0x00007fff2d470000 - 0x00007fff2d570000 	C:\Windows\System32\ucrtbase.dll
0x00007fff0e3a0000 - 0x00007fff0e3bb000 	C:\Program Files\Java\jdk-17\bin\VCRUNTIME140.dll
0x00007fff0e8a0000 - 0x00007fff0e8b9000 	C:\Program Files\Java\jdk-17\bin\jli.dll
0x00007fff2e6f0000 - 0x00007fff2e7a0000 	C:\Windows\System32\ADVAPI32.dll
0x00007fff2dd10000 - 0x00007fff2ddae000 	C:\Windows\System32\msvcrt.dll
0x00007fff2e7a0000 - 0x00007fff2e840000 	C:\Windows\System32\sechost.dll
0x00007fff2f6a0000 - 0x00007fff2f7c3000 	C:\Windows\System32\RPCRT4.dll
0x00007fff2d6f0000 - 0x00007fff2d717000 	C:\Windows\System32\bcrypt.dll
0x00007fff2e550000 - 0x00007fff2e6ef000 	C:\Windows\System32\USER32.dll
0x00007fff2db80000 - 0x00007fff2dba2000 	C:\Windows\System32\win32u.dll
0x00007fff2fb10000 - 0x00007fff2fb3b000 	C:\Windows\System32\GDI32.dll
0x00007fff2dbb0000 - 0x00007fff2dcc7000 	C:\Windows\System32\gdi32full.dll
0x00007fff2d570000 - 0x00007fff2d60d000 	C:\Windows\System32\msvcp_win.dll
0x00007fff1cb00000 - 0x00007fff1cd9a000 	C:\Windows\WinSxS\amd64_microsoft.windows.common-controls_6595b64144ccf1df_6.0.19041.4355_none_60b8b9eb71f62e16\COMCTL32.dll
0x00007fff27330000 - 0x00007fff2733a000 	C:\Windows\SYSTEM32\VERSION.dll
0x00007fff2dcd0000 - 0x00007fff2dcff000 	C:\Windows\System32\IMM32.DLL
0x00007fff19390000 - 0x00007fff1939c000 	C:\Program Files\Java\jdk-17\bin\vcruntime140_1.dll
0x00007fff07400000 - 0x00007fff0748e000 	C:\Program Files\Java\jdk-17\bin\msvcp140.dll
0x00007ffec08b0000 - 0x00007ffec1491000 	C:\Program Files\Java\jdk-17\bin\server\jvm.dll
0x00007fff2de30000 - 0x00007fff2de38000 	C:\Windows\System32\PSAPI.DLL
0x00007fff16aa0000 - 0x00007fff16ac7000 	C:\Windows\SYSTEM32\WINMM.dll
0x00007fff182a0000 - 0x00007fff182a9000 	C:\Windows\SYSTEM32\WSOCK32.dll
0x00007fff2f580000 - 0x00007fff2f5eb000 	C:\Windows\System32\WS2_32.dll
0x00007fff2b1f0000 - 0x00007fff2b202000 	C:\Windows\SYSTEM32\kernel.appcore.dll
0x00007fff19360000 - 0x00007fff1936a000 	C:\Program Files\Java\jdk-17\bin\jimage.dll
0x00007fff1df00000 - 0x00007fff1e0e4000 	C:\Windows\SYSTEM32\DBGHELP.DLL
0x00007fff1dec0000 - 0x00007fff1def4000 	C:\Windows\SYSTEM32\dbgcore.DLL
0x00007fff2d660000 - 0x00007fff2d6e2000 	C:\Windows\System32\bcryptPrimitives.dll
0x00007fff1b1a0000 - 0x00007fff1b1ae000 	C:\Program Files\Java\jdk-17\bin\instrument.dll
0x00007fff0e2f0000 - 0x00007fff0e315000 	C:\Program Files\Java\jdk-17\bin\java.dll
0x00007ffefae70000 - 0x00007ffefaf47000 	C:\Program Files\Java\jdk-17\bin\jsvml.dll
0x00007fff2e840000 - 0x00007fff2efac000 	C:\Windows\System32\SHELL32.dll
0x00007fff2b3f0000 - 0x00007fff2bb8d000 	C:\Windows\SYSTEM32\windows.storage.dll
0x00007fff2f100000 - 0x00007fff2f453000 	C:\Windows\System32\combase.dll
0x00007fff2cca0000 - 0x00007fff2ccce000 	C:\Windows\SYSTEM32\Wldp.dll
0x00007fff2e310000 - 0x00007fff2e3dd000 	C:\Windows\System32\OLEAUT32.dll
0x00007fff2fba0000 - 0x00007fff2fc4d000 	C:\Windows\System32\SHCORE.dll
0x00007fff2fb40000 - 0x00007fff2fb95000 	C:\Windows\System32\shlwapi.dll
0x00007fff2d280000 - 0x00007fff2d2a4000 	C:\Windows\SYSTEM32\profapi.dll
0x00007fff08780000 - 0x00007fff08798000 	C:\Program Files\Java\jdk-17\bin\zip.dll
0x00007fff17e00000 - 0x00007fff17e19000 	C:\Program Files\Java\jdk-17\bin\net.dll
0x00007fff26520000 - 0x00007fff2662a000 	C:\Windows\SYSTEM32\WINHTTP.dll
0x00007fff2ca00000 - 0x00007fff2ca6a000 	C:\Windows\system32\mswsock.dll
0x00007fff08b60000 - 0x00007fff08b76000 	C:\Program Files\Java\jdk-17\bin\nio.dll
0x00007fff185f0000 - 0x00007fff18600000 	C:\Program Files\Java\jdk-17\bin\verify.dll
0x00007fff085b0000 - 0x00007fff085d7000 	C:\Users\user\.gradle\native\c067742578af261105cb4f569cf0c3c89f3d7b1fecec35dd04571415982c5e48\windows-amd64\native-platform.dll
0x00007ffef4d20000 - 0x00007ffef4e64000 	C:\Users\user\.gradle\native\100fb08df4bc3b14c8652ba06237920a3bd2aa13389f12d3474272988ae205f9\windows-amd64\native-platform-file-events.dll
0x00007fff1a0e0000 - 0x00007fff1a0ea000 	C:\Program Files\Java\jdk-17\bin\management.dll
0x00007fff181d0000 - 0x00007fff181db000 	C:\Program Files\Java\jdk-17\bin\management_ext.dll
0x00007fff2cc00000 - 0x00007fff2cc18000 	C:\Windows\SYSTEM32\CRYPTSP.dll
0x00007fff2c320000 - 0x00007fff2c354000 	C:\Windows\system32\rsaenh.dll
0x00007fff2d230000 - 0x00007fff2d25e000 	C:\Windows\SYSTEM32\USERENV.dll
0x00007fff2cbf0000 - 0x00007fff2cbfc000 	C:\Windows\SYSTEM32\CRYPTBASE.dll
0x00007fff2c6e0000 - 0x00007fff2c71b000 	C:\Windows\SYSTEM32\IPHLPAPI.DLL
0x00007fff2dd00000 - 0x00007fff2dd08000 	C:\Windows\System32\NSI.dll
0x00007fff267d0000 - 0x00007fff267e7000 	C:\Windows\SYSTEM32\dhcpcsvc6.DLL
0x00007fff26aa0000 - 0x00007fff26abd000 	C:\Windows\SYSTEM32\dhcpcsvc.DLL
0x00007fff2c720000 - 0x00007fff2c7ea000 	C:\Windows\SYSTEM32\DNSAPI.dll
0x00007fff181c0000 - 0x00007fff181ce000 	C:\Program Files\Java\jdk-17\bin\sunmscapi.dll
0x00007fff2d720000 - 0x00007fff2d87e000 	C:\Windows\System32\CRYPT32.dll
0x00007fff2cd10000 - 0x00007fff2cd39000 	C:\Windows\SYSTEM32\ncrypt.dll
0x00007fff2ccd0000 - 0x00007fff2cd0b000 	C:\Windows\SYSTEM32\NTASN1.dll
0x00007ffee4680000 - 0x00007ffee4687000 	C:\Windows\system32\wshunix.dll

dbghelp: loaded successfully - version: 4.0.5 - missing functions: none
symbol engine: initialized successfully - sym options: 0x614 - pdb path: .;C:\Program Files\Java\jdk-17\bin;C:\Windows\SYSTEM32;C:\Windows\WinSxS\amd64_microsoft.windows.common-controls_6595b64144ccf1df_6.0.19041.4355_none_60b8b9eb71f62e16;C:\Program Files\Java\jdk-17\bin\server;C:\Users\user\.gradle\native\c067742578af261105cb4f569cf0c3c89f3d7b1fecec35dd04571415982c5e48\windows-amd64;C:\Users\user\.gradle\native\100fb08df4bc3b14c8652ba06237920a3bd2aa13389f12d3474272988ae205f9\windows-amd64

VM Arguments:
jvm_args: --add-opens=java.base/java.util=ALL-UNNAMED --add-opens=java.base/java.lang=ALL-UNNAMED --add-opens=java.base/java.lang.invoke=ALL-UNNAMED --add-opens=java.prefs/java.util.prefs=ALL-UNNAMED --add-opens=java.base/java.nio.charset=ALL-UNNAMED --add-opens=java.base/java.net=ALL-UNNAMED --add-opens=java.base/java.util.concurrent.atomic=ALL-UNNAMED -XX:MaxMetaspaceSize=384m -XX:+HeapDumpOnOutOfMemoryError -Xms256m -Xmx512m -Dfile.encoding=windows-1252 -Duser.country=MX -Duser.language=es -Duser.variant -javaagent:C:\Users\user\.gradle\wrapper\dists\gradle-8.8-bin\dl7vupf4psengwqhwktix4v1\gradle-8.8\lib\agents\gradle-instrumentation-agent-8.8.jar 
java_command: org.gradle.launcher.daemon.bootstrap.GradleDaemon 8.8
java_class_path (initial): C:\Users\user\.gradle\wrapper\dists\gradle-8.8-bin\dl7vupf4psengwqhwktix4v1\gradle-8.8\lib\gradle-launcher-8.8.jar
Launcher Type: SUN_STANDARD

[Global flags]
     intx CICompilerCount                          = 4                                         {product} {ergonomic}
   size_t CompressedClassSpaceSize                 = 335544320                                 {product} {ergonomic}
     uint ConcGCThreads                            = 3                                         {product} {ergonomic}
     uint G1ConcRefinementThreads                  = 10                                        {product} {ergonomic}
   size_t G1HeapRegionSize                         = 1048576                                   {product} {ergonomic}
    uintx GCDrainStackTargetSize                   = 64                                        {product} {ergonomic}
     bool HeapDumpOnOutOfMemoryError               = true                                   {manageable} {command line}
   size_t InitialHeapSize                          = 268435456                                 {product} {command line}
   size_t MarkStackSize                            = 4194304                                   {product} {ergonomic}
   size_t MaxHeapSize                              = 536870912                                 {product} {command line}
   size_t MaxMetaspaceSize                         = 402653184                                 {product} {command line}
   size_t MaxNewSize                               = 321912832                                 {product} {ergonomic}
   size_t MinHeapDeltaBytes                        = 1048576                                   {product} {ergonomic}
   size_t MinHeapSize                              = 268435456                                 {product} {command line}
    uintx NonNMethodCodeHeapSize                   = 5839372                                {pd product} {ergonomic}
    uintx NonProfiledCodeHeapSize                  = 122909434                              {pd product} {ergonomic}
    uintx ProfiledCodeHeapSize                     = 122909434                              {pd product} {ergonomic}
    uintx ReservedCodeCacheSize                    = 251658240                              {pd product} {ergonomic}
     bool SegmentedCodeCache                       = true                                      {product} {ergonomic}
   size_t SoftMaxHeapSize                          = 536870912                              {manageable} {ergonomic}
     bool UseCompressedClassPointers               = true                           {product lp64_product} {ergonomic}
     bool UseCompressedOops                        = true                           {product lp64_product} {ergonomic}
     bool UseG1GC                                  = true                                      {product} {ergonomic}
     bool UseLargePagesIndividualAllocation        = false                                  {pd product} {ergonomic}

Logging:
Log output configuration:
 #0: stdout all=warning uptime,level,tags
 #1: stderr all=off uptime,level,tags

Environment Variables:
PATH=C:\Program Files\Common Files\Oracle\Java\javapath;C:\Program Files (x86)\Common Files\Oracle\Java\javapath;C:\Windows\system32;C:\Windows;C:\Windows\System32\Wbem;C:\Windows\System32\WindowsPowerShell\v1.0\;C:\Windows\System32\OpenSSH\;C:\MinGW\bin;C:\Users\Git\cmd;C:\Program Files\swipl\bin;C:\Users\user\AppData\Local\Programs\Python\Python310\Scripts\;C:\Users\user\AppData\Local\Programs\Python\Python310\;C:\Users\user\AppData\Local\Microsoft\WindowsApps;C:\Users\user\AppData\Local\Programs\Microsoft VS Code\bin;C:\MinGW\bin;C:\ProgramData\user\GitHubDesktop\bin;C:\Users\user\AppData\Local\JetBrains\IntelliJ IDEA 2023.3.1\bin;;C:\Users\user\AppData\Local\GitHubDesktop\bin
USERNAME=user
OS=Windows_NT
PROCESSOR_IDENTIFIER=Intel64 Family 6 Model 165 Stepping 5, GenuineIntel



---------------  S Y S T E M  ---------------

OS:
 Windows 10 , 64 bit Build 19041 (10.0.19041.3636)
OS uptime: 0 days 5:18 hours

CPU: total 12 (initial active 12) (6 cores per cpu, 2 threads per core) family 6 model 165 stepping 5 microcode 0xe2, cx8, cmov, fxsr, ht, mmx, 3dnowpref, sse, sse2, sse3, ssse3, sse4.1, sse4.2, popcnt, lzcnt, tsc, tscinvbit, avx, avx2, aes, erms, clmul, bmi1, bmi2, adx, fma, vzeroupper, clflush, clflushopt

Memory: 4k page, system-wide physical 3943M (16M free)
TotalPageFile size 8039M (AvailPageFile size 1M)
current process WorkingSet (physical memory assigned to process): 200M, peak: 240M
current process commit charge ("private bytes"): 467M, peak: 469M

vm_info: Java HotSpot(TM) 64-Bit Server VM (17.0.9+11-LTS-201) for windows-amd64 JRE (17.0.9+11-LTS-201), built on Oct 10 2023 23:16:06 by "mach5one" with MS VC++ 17.1 (VS2022)

END.
