#
# There is insufficient memory for the Java Runtime Environment to continue.
# Native memory allocation (mmap) failed to map 65011712 bytes for G1 virtual space
# Possible reasons:
#   The system is out of physical RAM or swap space
#   The process is running with CompressedOops enabled, and the Java Heap may be blocking the growth of the native heap
# Possible solutions:
#   Reduce memory load on the system
#   Increase physical memory or swap space
#   Check if swap backing store is full
#   Decrease Java heap size (-Xmx/-Xms)
#   Decrease number of Java threads
#   Decrease Java thread stack sizes (-Xss)
#   Set larger code cache with -XX:ReservedCodeCacheSize=
#   JVM is running with Unscaled Compressed Oops mode in which the Java heap is
#     placed in the first 4GB address space. The Java Heap base address is the
#     maximum limit for the native heap growth. Please use -XX:HeapBaseMinAddress
#     to set the Java Heap base and to place the Java Heap above 4GB virtual address.
# This output file may be truncated or incomplete.
#
#  Out of Memory Error (os_windows.cpp:3552), pid=1080, tid=16336
#
# JRE version:  (17.0.9+11) (build )
# Java VM: Java HotSpot(TM) 64-Bit Server VM (17.0.9+11-LTS-201, mixed mode, sharing, tiered, compressed oops, compressed class ptrs, g1 gc, windows-amd64)
# No core dump will be written. Minidumps are not enabled by default on client versions of Windows
#

---------------  S U M M A R Y ------------

Command Line: -Dfile.encoding=windows-1252 -Duser.country=MX -Duser.language=es -Duser.variant cl.example.lab3_21454263_garcia.main_21454263_garciamorales

Host: Intel(R) Core(TM) i5-10600K CPU @ 4.10GHz, 12 cores, 3G,  Windows 10 , 64 bit Build 19041 (10.0.19041.3636)
Time: Sun Jun 16 20:20:08 2024 Hora est. Sudamérica Pacífico elapsed time: 0.021969 seconds (0d 0h 0m 0s)

---------------  T H R E A D  ---------------

Current thread (0x0000029c67a4a250):  JavaThread "Unknown thread" [_thread_in_vm, id=16336, stack(0x000000dc8fc00000,0x000000dc8fd00000)]

Stack: [0x000000dc8fc00000,0x000000dc8fd00000]
Native frames: (J=compiled Java code, j=interpreted, Vv=VM code, C=native code)
V  [jvm.dll+0x678a4a]
V  [jvm.dll+0x7d9cfd]
V  [jvm.dll+0x7db60e]
V  [jvm.dll+0x7dbc73]
V  [jvm.dll+0x245e1f]
V  [jvm.dll+0x6758f9]
V  [jvm.dll+0x66a2a2]
V  [jvm.dll+0x303686]
V  [jvm.dll+0x30ac06]
V  [jvm.dll+0x35a48e]
V  [jvm.dll+0x35a6bf]
V  [jvm.dll+0x2da678]
V  [jvm.dll+0x2db5e4]
V  [jvm.dll+0x7ab6b1]
V  [jvm.dll+0x368041]
V  [jvm.dll+0x78a749]
V  [jvm.dll+0x3ebd4f]
V  [jvm.dll+0x3ed7d1]
C  [jli.dll+0x5297]
C  [ucrtbase.dll+0x21bb2]
C  [KERNEL32.DLL+0x17344]
C  [ntdll.dll+0x4cc91]


---------------  P R O C E S S  ---------------

Threads class SMR info:
_java_thread_list=0x00007ffb59c489d8, length=0, elements={
}

Java Threads: ( => current thread )

Other Threads:
  0x0000029c67a878e0 GCTaskThread "GC Thread#0" [stack: 0x000000dc8fd00000,0x000000dc8fe00000] [id=6688]
  0x0000029c67a91190 ConcurrentGCThread "G1 Main Marker" [stack: 0x000000dc8fe00000,0x000000dc8ff00000] [id=12408]
  0x0000029c67a92150 ConcurrentGCThread "G1 Conc#0" [stack: 0x000000dc8ff00000,0x000000dc90000000] [id=8332]

[error occurred during error reporting (printing all threads), id 0xc0000005, EXCEPTION_ACCESS_VIOLATION (0xc0000005) at pc=0x00007ffb5947b2d7]

VM state: not at safepoint (not fully initialized)

VM Mutex/Monitor currently owned by a thread:  ([mutex/lock_event])
[0x0000029c67a45940] Heap_lock - owner thread: 0x0000029c67a4a250

Heap address: 0x00000000c2600000, size: 986 MB, Compressed Oops mode: 32-bit

CDS archive(s) mapped at: [0x0000000000000000-0x0000000000000000-0x0000000000000000), size 0, SharedBaseAddress: 0x0000000800000000, ArchiveRelocationMode: 1.
Narrow klass base: 0x0000000000000000, Narrow klass shift: 0, Narrow klass range: 0x0

GC Precious Log:
<Empty>

Heap:
 garbage-first heap   total 0K, used 0K [0x00000000c2600000, 0x0000000100000000)
  region size 1024K, 0 young (0K), 0 survivors (0K)

[error occurred during error reporting (printing heap information), id 0xc0000005, EXCEPTION_ACCESS_VIOLATION (0xc0000005) at pc=0x00007ffb59862229]

GC Heap History (0 events):
No events

Deoptimization events (0 events):
No events

Classes unloaded (0 events):
No events

Classes redefined (0 events):
No events

Internal exceptions (0 events):
No events

VM Operations (0 events):
No events

Events (1 events):
Event: 0.009 Loaded shared library C:\Program Files\Java\jdk-17\bin\java.dll


Dynamic libraries:
0x00007ff69b010000 - 0x00007ff69b020000 	C:\Program Files\Java\jdk-17\bin\java.exe
0x00007ffbbae10000 - 0x00007ffbbb008000 	C:\Windows\SYSTEM32\ntdll.dll
0x00007ffbba090000 - 0x00007ffbba14d000 	C:\Windows\System32\KERNEL32.DLL
0x00007ffbb89e0000 - 0x00007ffbb8cd6000 	C:\Windows\System32\KERNELBASE.dll
0x00007ffbb88e0000 - 0x00007ffbb89e0000 	C:\Windows\System32\ucrtbase.dll
0x00007ffba7b80000 - 0x00007ffba7b9b000 	C:\Program Files\Java\jdk-17\bin\VCRUNTIME140.dll
0x00007ffba7b60000 - 0x00007ffba7b79000 	C:\Program Files\Java\jdk-17\bin\jli.dll
0x00007ffbb9e60000 - 0x00007ffbb9f10000 	C:\Windows\System32\ADVAPI32.dll
0x00007ffbb9da0000 - 0x00007ffbb9e3e000 	C:\Windows\System32\msvcrt.dll
0x00007ffbbaaf0000 - 0x00007ffbbab90000 	C:\Windows\System32\sechost.dll
0x00007ffbb8e80000 - 0x00007ffbb8fa3000 	C:\Windows\System32\RPCRT4.dll
0x00007ffbb8630000 - 0x00007ffbb8657000 	C:\Windows\System32\bcrypt.dll
0x00007ffbba1b0000 - 0x00007ffbba34f000 	C:\Windows\System32\USER32.dll
0x00007ffbb84d0000 - 0x00007ffbb84f2000 	C:\Windows\System32\win32u.dll
0x00007ffba0980000 - 0x00007ffba0c1a000 	C:\Windows\WinSxS\amd64_microsoft.windows.common-controls_6595b64144ccf1df_6.0.19041.4355_none_60b8b9eb71f62e16\COMCTL32.dll
0x00007ffbb8e50000 - 0x00007ffbb8e7b000 	C:\Windows\System32\GDI32.dll
0x00007ffbb8d30000 - 0x00007ffbb8e47000 	C:\Windows\System32\gdi32full.dll
0x00007ffbb8590000 - 0x00007ffbb862d000 	C:\Windows\System32\msvcp_win.dll
0x00007ffbb3cf0000 - 0x00007ffbb3cfa000 	C:\Windows\SYSTEM32\VERSION.dll
0x00007ffbb9be0000 - 0x00007ffbb9c0f000 	C:\Windows\System32\IMM32.DLL
0x00007ffba7b50000 - 0x00007ffba7b5c000 	C:\Program Files\Java\jdk-17\bin\vcruntime140_1.dll
0x00007ffb885f0000 - 0x00007ffb8867e000 	C:\Program Files\Java\jdk-17\bin\msvcp140.dll
0x00007ffb59190000 - 0x00007ffb59d71000 	C:\Program Files\Java\jdk-17\bin\server\jvm.dll
0x00007ffbb97a0000 - 0x00007ffbb97a8000 	C:\Windows\System32\PSAPI.DLL
0x00007ffba3b30000 - 0x00007ffba3b57000 	C:\Windows\SYSTEM32\WINMM.dll
0x00007ffba52f0000 - 0x00007ffba52f9000 	C:\Windows\SYSTEM32\WSOCK32.dll
0x00007ffbb9f10000 - 0x00007ffbb9f7b000 	C:\Windows\System32\WS2_32.dll
0x00007ffbb6370000 - 0x00007ffbb6382000 	C:\Windows\SYSTEM32\kernel.appcore.dll
0x00007ffba5b10000 - 0x00007ffba5b1a000 	C:\Program Files\Java\jdk-17\bin\jimage.dll
0x00007ffba5cb0000 - 0x00007ffba5e94000 	C:\Windows\SYSTEM32\DBGHELP.DLL
0x00007ffba5b40000 - 0x00007ffba5b74000 	C:\Windows\SYSTEM32\dbgcore.DLL
0x00007ffbb8500000 - 0x00007ffbb8582000 	C:\Windows\System32\bcryptPrimitives.dll
0x00007ffb9f050000 - 0x00007ffb9f075000 	C:\Program Files\Java\jdk-17\bin\java.dll

dbghelp: loaded successfully - version: 4.0.5 - missing functions: none
symbol engine: initialized successfully - sym options: 0x614 - pdb path: .;C:\Program Files\Java\jdk-17\bin;C:\Windows\SYSTEM32;C:\Windows\WinSxS\amd64_microsoft.windows.common-controls_6595b64144ccf1df_6.0.19041.4355_none_60b8b9eb71f62e16;C:\Program Files\Java\jdk-17\bin\server

VM Arguments:
jvm_args: -Dfile.encoding=windows-1252 -Duser.country=MX -Duser.language=es -Duser.variant 
java_command: cl.example.lab3_21454263_garcia.main_21454263_garciamorales
java_class_path (initial): C:\Users\user\OneDrive\Documentos\Nivel IV\Paradigmas\Laboratorio3\lab3_21454263_garcia\build\classes\java\main;C:\Users\user\OneDrive\Documentos\Nivel IV\Paradigmas\Laboratorio3\lab3_21454263_garcia\build\resources\main;C:\Users\user\.gradle\caches\modules-2\files-2.1\org.springframework.boot\spring-boot-starter\3.3.0\1af929e0fcb10c2bfc3f3619f4ca9049bd927b\spring-boot-starter-3.3.0.jar;C:\Users\user\.gradle\caches\modules-2\files-2.1\org.springframework.boot\spring-boot-autoconfigure\3.3.0\1d98cfa94223e6a3a0e0ad301822cef90cc04fbc\spring-boot-autoconfigure-3.3.0.jar;C:\Users\user\.gradle\caches\modules-2\files-2.1\org.springframework.boot\spring-boot\3.3.0\83d42f81f312d71b9425f58d1d3f9e8970e51b22\spring-boot-3.3.0.jar;C:\Users\user\.gradle\caches\modules-2\files-2.1\org.springframework.boot\spring-boot-starter-logging\3.3.0\79a400c9d7ce3a7cecf296fda402e3100a099bce\spring-boot-starter-logging-3.3.0.jar;C:\Users\user\.gradle\caches\modules-2\files-2.1\jakarta.annotation\jakarta.annotation-api\2.1.1\48b9bda22b091b1f48b13af03fe36db3be6e1ae3\jakarta.annotation-api-2.1.1.jar;C:\Users\user\.gradle\caches\modules-2\files-2.1\org.springframework\spring-context\6.1.8\21219a0df58e5b96ef489a172b449232573352e8\spring-context-6.1.8.jar;C:\Users\user\.gradle\caches\modules-2\files-2.1\org.springframework\spring-aop\6.1.8\ef793a21e405a88d9d32b92cb459c845ee12b271\spring-aop-6.1.8.jar;C:\Users\user\.gradle\caches\modules-2\files-2.1\org.springframework\spring-beans\6.1.8\79a5e45383542ff514b5328fe277410cf4054f3b\spring-beans-6.1.8.jar;C:\Users\user\.gradle\caches\modules-2\files-2.1\org.springframework\spring-expression\6.1.8\dcf78ef442c24f32ff8c6a9746e7f5209b330111\spring-expression-6.1.8.jar;C:\Users\user\.gradle\caches\modules-2\files-2.1\org.springframework\spring-core\6.1.8\141fc11a5dbaa503fe361150312ad0fa9d9c03da\spring-core-6.1.8.jar;C:\Users\user\.gradle\caches\modules-2\files-2.1\org.yaml\snakeyaml\2.2\3af797a25458550a16bf89acc8e4ab2b7f2bfce0\snak
Launcher Type: SUN_STANDARD

[Global flags]
     intx CICompilerCount                          = 4                                         {product} {ergonomic}
     uint ConcGCThreads                            = 3                                         {product} {ergonomic}
     uint G1ConcRefinementThreads                  = 10                                        {product} {ergonomic}
   size_t G1HeapRegionSize                         = 1048576                                   {product} {ergonomic}
    uintx GCDrainStackTargetSize                   = 64                                        {product} {ergonomic}
   size_t InitialHeapSize                          = 65011712                                  {product} {ergonomic}
   size_t MarkStackSize                            = 4194304                                   {product} {ergonomic}
   size_t MaxHeapSize                              = 1033895936                                {product} {ergonomic}
   size_t MinHeapDeltaBytes                        = 1048576                                   {product} {ergonomic}
   size_t MinHeapSize                              = 8388608                                   {product} {ergonomic}
    uintx NonNMethodCodeHeapSize                   = 5839372                                {pd product} {ergonomic}
    uintx NonProfiledCodeHeapSize                  = 122909434                              {pd product} {ergonomic}
    uintx ProfiledCodeHeapSize                     = 122909434                              {pd product} {ergonomic}
    uintx ReservedCodeCacheSize                    = 251658240                              {pd product} {ergonomic}
     bool SegmentedCodeCache                       = true                                      {product} {ergonomic}
   size_t SoftMaxHeapSize                          = 1033895936                             {manageable} {ergonomic}
     bool UseCompressedClassPointers               = true                           {product lp64_product} {ergonomic}
     bool UseCompressedOops                        = true                           {product lp64_product} {ergonomic}
     bool UseG1GC                                  = true                                      {product} {ergonomic}
     bool UseLargePagesIndividualAllocation        = false                                  {pd product} {ergonomic}

Logging:
Log output configuration:
 #0: stdout all=warning uptime,level,tags
 #1: stderr all=off uptime,level,tags

Environment Variables:
PATH=C:\Program Files\Common Files\Oracle\Java\javapath;C:\Program Files (x86)\Common Files\Oracle\Java\javapath;C:\Windows\system32;C:\Windows;C:\Windows\System32\Wbem;C:\Windows\System32\WindowsPowerShell\v1.0\;C:\Windows\System32\OpenSSH\;C:\MinGW\bin;C:\Users\Git\cmd;C:\Program Files\swipl\bin;C:\Users\user\AppData\Local\Programs\Python\Python310\Scripts\;C:\Users\user\AppData\Local\Programs\Python\Python310\;C:\Users\user\AppData\Local\Microsoft\WindowsApps;C:\Users\user\AppData\Local\Programs\Microsoft VS Code\bin;C:\MinGW\bin;C:\ProgramData\user\GitHubDesktop\bin;C:\Users\user\AppData\Local\JetBrains\IntelliJ IDEA 2023.3.1\bin;;C:\Users\user\AppData\Local\GitHubDesktop\bin
USERNAME=user
OS=Windows_NT
PROCESSOR_IDENTIFIER=Intel64 Family 6 Model 165 Stepping 5, GenuineIntel



---------------  S Y S T E M  ---------------

OS:
 Windows 10 , 64 bit Build 19041 (10.0.19041.3636)
OS uptime: 0 days 22:23 hours

CPU: total 12 (initial active 12) (6 cores per cpu, 2 threads per core) family 6 model 165 stepping 5 microcode 0xe2, cx8, cmov, fxsr, ht, mmx, 3dnowpref, sse, sse2, sse3, ssse3, sse4.1, sse4.2, popcnt, lzcnt, tsc, tscinvbit, avx, avx2, aes, erms, clmul, bmi1, bmi2, adx, fma, vzeroupper, clflush, clflushopt

Memory: 4k page, system-wide physical 3943M (292M free)
TotalPageFile size 8039M (AvailPageFile size 47M)
current process WorkingSet (physical memory assigned to process): 10M, peak: 10M
current process commit charge ("private bytes"): 63M, peak: 125M

vm_info: Java HotSpot(TM) 64-Bit Server VM (17.0.9+11-LTS-201) for windows-amd64 JRE (17.0.9+11-LTS-201), built on Oct 10 2023 23:16:06 by "mach5one" with MS VC++ 17.1 (VS2022)

END.
